Building DAG of jobs...
Your conda installation is not configured to use strict channel priorities. This is however crucial for having robust and correct environments (for details, see https://conda-forge.org/docs/user/tipsandtricks.html). Please consider to configure strict priorities by executing 'conda config --set channel_priority strict'.
Using shell: /usr/bin/bash
Provided cluster nodes: 8
Job stats:
job                count
---------------  -------
all                    1
get_count_table        1
map_fr_reads          11
total                 13

Select jobs to execute...

[Sat Nov 18 07:49:10 2023]
rule map_fr_reads:
    input: results/WaterYear_AC3_D1_coass-16O-0-7/bbmap_ref/WaterYear_AC3_D1_coass-16O-0-7, /groups/banfield/sequences/2023/WaterYear_AC3_D1_18O-7_3/raw.d/WaterYear_AC3_D1_18O-7_3_trim_clean.PE.1.fastq.gz, /groups/banfield/sequences/2023/WaterYear_AC3_D1_18O-7_3/raw.d/WaterYear_AC3_D1_18O-7_3_trim_clean.PE.2.fastq.gz
    output: results/maps/3/covstats_WaterYear_AC3_D1_coass-16O-0-7_3_18O.tsv, results/maps/3/covhist_WaterYear_AC3_D1_coass-16O-0-7_3_18O.tsv, results/maps/3/WaterYear_AC3_D1_coass-16O-0-7_3_18O_mapped.sort.bam
    log: logs/maps/3/WaterYear_AC3_D1_coass-16O-0-7_18O_mapping.log
    jobid: 36
    reason: Missing output files: results/maps/3/WaterYear_AC3_D1_coass-16O-0-7_3_18O_mapped.sort.bam
    wildcards: n=3, sample=WaterYear_AC3_D1_coass-16O-0-7, isotope=18O
    threads: 10000
    resources: mem_mb=5062, mem_mib=4828, disk_mb=5062, disk_mib=4828, tmpdir=<TBD>, partition=standard

Submitted job 36 with external jobid 'Submitted batch job 220088'.

[Sat Nov 18 07:49:10 2023]
rule map_fr_reads:
    input: results/WaterYear_AC3_D1_coass-16O-0-7/bbmap_ref/WaterYear_AC3_D1_coass-16O-0-7, /groups/banfield/sequences/2023/WaterYear_AC3_D1_16O-7_4/raw.d/WaterYear_AC3_D1_16O-7_4_trim_clean.PE.1.fastq.gz, /groups/banfield/sequences/2023/WaterYear_AC3_D1_16O-7_4/raw.d/WaterYear_AC3_D1_16O-7_4_trim_clean.PE.2.fastq.gz
    output: results/maps/4/covstats_WaterYear_AC3_D1_coass-16O-0-7_4_16O.tsv, results/maps/4/covhist_WaterYear_AC3_D1_coass-16O-0-7_4_16O.tsv, results/maps/4/WaterYear_AC3_D1_coass-16O-0-7_4_16O_mapped.sort.bam
    log: logs/maps/4/WaterYear_AC3_D1_coass-16O-0-7_16O_mapping.log
    jobid: 37
    reason: Missing output files: results/maps/4/WaterYear_AC3_D1_coass-16O-0-7_4_16O_mapped.sort.bam
    wildcards: n=4, sample=WaterYear_AC3_D1_coass-16O-0-7, isotope=16O
    threads: 10000
    resources: mem_mb=4917, mem_mib=4690, disk_mb=4917, disk_mib=4690, tmpdir=<TBD>, partition=standard

Submitted job 37 with external jobid 'Submitted batch job 220089'.

[Sat Nov 18 07:49:10 2023]
rule map_fr_reads:
    input: results/WaterYear_AC3_D1_coass-16O-0-7/bbmap_ref/WaterYear_AC3_D1_coass-16O-0-7, /groups/banfield/sequences/2023/WaterYear_AC3_D1_16O-7_5/raw.d/WaterYear_AC3_D1_16O-7_5_trim_clean.PE.1.fastq.gz, /groups/banfield/sequences/2023/WaterYear_AC3_D1_16O-7_5/raw.d/WaterYear_AC3_D1_16O-7_5_trim_clean.PE.2.fastq.gz
    output: results/maps/5/covstats_WaterYear_AC3_D1_coass-16O-0-7_5_16O.tsv, results/maps/5/covhist_WaterYear_AC3_D1_coass-16O-0-7_5_16O.tsv, results/maps/5/WaterYear_AC3_D1_coass-16O-0-7_5_16O_mapped.sort.bam
    log: logs/maps/5/WaterYear_AC3_D1_coass-16O-0-7_16O_mapping.log
    jobid: 39
    reason: Missing output files: results/maps/5/WaterYear_AC3_D1_coass-16O-0-7_5_16O_mapped.sort.bam
    wildcards: n=5, sample=WaterYear_AC3_D1_coass-16O-0-7, isotope=16O
    threads: 10000
    resources: mem_mb=5234, mem_mib=4992, disk_mb=5234, disk_mib=4992, tmpdir=<TBD>, partition=standard

Submitted job 39 with external jobid 'Submitted batch job 220090'.

[Sat Nov 18 07:49:10 2023]
rule map_fr_reads:
    input: results/WaterYear_AC3_D1_coass-16O-0-7/bbmap_ref/WaterYear_AC3_D1_coass-16O-0-7, /groups/banfield/sequences/2023/WaterYear_AC3_D1_16O-7_2/raw.d/WaterYear_AC3_D1_16O-7_2_trim_clean.PE.1.fastq.gz, /groups/banfield/sequences/2023/WaterYear_AC3_D1_16O-7_2/raw.d/WaterYear_AC3_D1_16O-7_2_trim_clean.PE.2.fastq.gz
    output: results/maps/2/covstats_WaterYear_AC3_D1_coass-16O-0-7_2_16O.tsv, results/maps/2/covhist_WaterYear_AC3_D1_coass-16O-0-7_2_16O.tsv, results/maps/2/WaterYear_AC3_D1_coass-16O-0-7_2_16O_mapped.sort.bam
    log: logs/maps/2/WaterYear_AC3_D1_coass-16O-0-7_16O_mapping.log
    jobid: 33
    reason: Missing output files: results/maps/2/WaterYear_AC3_D1_coass-16O-0-7_2_16O_mapped.sort.bam
    wildcards: n=2, sample=WaterYear_AC3_D1_coass-16O-0-7, isotope=16O
    threads: 10000
    resources: mem_mb=6485, mem_mib=6185, disk_mb=6485, disk_mib=6185, tmpdir=<TBD>, partition=standard

Submitted job 33 with external jobid 'Submitted batch job 220091'.

[Sat Nov 18 07:49:10 2023]
rule map_fr_reads:
    input: results/WaterYear_AC3_D1_coass-16O-0-7/bbmap_ref/WaterYear_AC3_D1_coass-16O-0-7, /groups/banfield/sequences/2023/WaterYear_AC3_D1_16O-7_3/raw.d/WaterYear_AC3_D1_16O-7_3_trim_clean.PE.1.fastq.gz, /groups/banfield/sequences/2023/WaterYear_AC3_D1_16O-7_3/raw.d/WaterYear_AC3_D1_16O-7_3_trim_clean.PE.2.fastq.gz
    output: results/maps/3/covstats_WaterYear_AC3_D1_coass-16O-0-7_3_16O.tsv, results/maps/3/covhist_WaterYear_AC3_D1_coass-16O-0-7_3_16O.tsv, results/maps/3/WaterYear_AC3_D1_coass-16O-0-7_3_16O_mapped.sort.bam
    log: logs/maps/3/WaterYear_AC3_D1_coass-16O-0-7_16O_mapping.log
    jobid: 35
    reason: Missing output files: results/maps/3/WaterYear_AC3_D1_coass-16O-0-7_3_16O_mapped.sort.bam
    wildcards: n=3, sample=WaterYear_AC3_D1_coass-16O-0-7, isotope=16O
    threads: 10000
    resources: mem_mb=6166, mem_mib=5881, disk_mb=6166, disk_mib=5881, tmpdir=<TBD>, partition=standard

Submitted job 35 with external jobid 'Submitted batch job 220092'.

[Sat Nov 18 07:49:11 2023]
rule map_fr_reads:
    input: results/WaterYear_AC3_D1_coass-16O-0-7/bbmap_ref/WaterYear_AC3_D1_coass-16O-0-7, /groups/banfield/sequences/2023/WaterYear_AC3_D1_18O-7_1/raw.d/WaterYear_AC3_D1_18O-7_1_trim_clean.PE.1.fastq.gz, /groups/banfield/sequences/2023/WaterYear_AC3_D1_18O-7_1/raw.d/WaterYear_AC3_D1_18O-7_1_trim_clean.PE.2.fastq.gz
    output: results/maps/1/covstats_WaterYear_AC3_D1_coass-16O-0-7_1_18O.tsv, results/maps/1/covhist_WaterYear_AC3_D1_coass-16O-0-7_1_18O.tsv, results/maps/1/WaterYear_AC3_D1_coass-16O-0-7_1_18O_mapped.sort.bam
    log: logs/maps/1/WaterYear_AC3_D1_coass-16O-0-7_18O_mapping.log
    jobid: 32
    reason: Missing output files: results/maps/1/WaterYear_AC3_D1_coass-16O-0-7_1_18O_mapped.sort.bam
    wildcards: n=1, sample=WaterYear_AC3_D1_coass-16O-0-7, isotope=18O
    threads: 10000
    resources: mem_mb=5216, mem_mib=4975, disk_mb=5216, disk_mib=4975, tmpdir=<TBD>, partition=standard

Submitted job 32 with external jobid 'Submitted batch job 220093'.

[Sat Nov 18 07:49:11 2023]
rule map_fr_reads:
    input: results/WaterYear_AC3_D1_coass-16O-0-7/bbmap_ref/WaterYear_AC3_D1_coass-16O-0-7, /groups/banfield/sequences/2023/WaterYear_AC3_D1_18O-7_5/raw.d/WaterYear_AC3_D1_18O-7_5_trim_clean.PE.1.fastq.gz, /groups/banfield/sequences/2023/WaterYear_AC3_D1_18O-7_5/raw.d/WaterYear_AC3_D1_18O-7_5_trim_clean.PE.2.fastq.gz
    output: results/maps/5/covstats_WaterYear_AC3_D1_coass-16O-0-7_5_18O.tsv, results/maps/5/covhist_WaterYear_AC3_D1_coass-16O-0-7_5_18O.tsv, results/maps/5/WaterYear_AC3_D1_coass-16O-0-7_5_18O_mapped.sort.bam
    log: logs/maps/5/WaterYear_AC3_D1_coass-16O-0-7_18O_mapping.log
    jobid: 40
    reason: Missing output files: results/maps/5/WaterYear_AC3_D1_coass-16O-0-7_5_18O_mapped.sort.bam
    wildcards: n=5, sample=WaterYear_AC3_D1_coass-16O-0-7, isotope=18O
    threads: 10000
    resources: mem_mb=5543, mem_mib=5287, disk_mb=5543, disk_mib=5287, tmpdir=<TBD>, partition=standard

Submitted job 40 with external jobid 'Submitted batch job 220094'.

[Sat Nov 18 07:49:11 2023]
rule map_fr_reads:
    input: results/WaterYear_AC3_D1_coass-16O-0-7/bbmap_ref/WaterYear_AC3_D1_coass-16O-0-7, /groups/banfield/sequences/2023/WaterYear_AC3_D1_18O-7_2/raw.d/WaterYear_AC3_D1_18O-7_2_trim_clean.PE.1.fastq.gz, /groups/banfield/sequences/2023/WaterYear_AC3_D1_18O-7_2/raw.d/WaterYear_AC3_D1_18O-7_2_trim_clean.PE.2.fastq.gz
    output: results/maps/2/covstats_WaterYear_AC3_D1_coass-16O-0-7_2_18O.tsv, results/maps/2/covhist_WaterYear_AC3_D1_coass-16O-0-7_2_18O.tsv, results/maps/2/WaterYear_AC3_D1_coass-16O-0-7_2_18O_mapped.sort.bam
    log: logs/maps/2/WaterYear_AC3_D1_coass-16O-0-7_18O_mapping.log
    jobid: 34
    reason: Missing output files: results/maps/2/WaterYear_AC3_D1_coass-16O-0-7_2_18O_mapped.sort.bam
    wildcards: n=2, sample=WaterYear_AC3_D1_coass-16O-0-7, isotope=18O
    threads: 10000
    resources: mem_mb=6179, mem_mib=5893, disk_mb=6179, disk_mib=5893, tmpdir=<TBD>, partition=standard

Submitted job 34 with external jobid 'Submitted batch job 220095'.
[Sat Nov 18 08:13:52 2023]
Finished job 39.
1 of 13 steps (8%) done
Select jobs to execute...

[Sat Nov 18 08:13:52 2023]
rule map_fr_reads:
    input: results/WaterYear_AC3_D1_coass-16O-0-7/bbmap_ref/WaterYear_AC3_D1_coass-16O-0-7, /groups/banfield/sequences/2023/WaterYear_AC3_D1_16O-7_1/raw.d/WaterYear_AC3_D1_16O-7_1_trim_clean.PE.1.fastq.gz, /groups/banfield/sequences/2023/WaterYear_AC3_D1_16O-7_1/raw.d/WaterYear_AC3_D1_16O-7_1_trim_clean.PE.2.fastq.gz
    output: results/maps/1/covstats_WaterYear_AC3_D1_coass-16O-0-7_1_16O.tsv, results/maps/1/covhist_WaterYear_AC3_D1_coass-16O-0-7_1_16O.tsv, results/maps/1/WaterYear_AC3_D1_coass-16O-0-7_1_16O_mapped.sort.bam
    log: logs/maps/1/WaterYear_AC3_D1_coass-16O-0-7_16O_mapping.log
    jobid: 31
    reason: Missing output files: results/maps/1/WaterYear_AC3_D1_coass-16O-0-7_1_16O_mapped.sort.bam
    wildcards: n=1, sample=WaterYear_AC3_D1_coass-16O-0-7, isotope=16O
    threads: 10000
    resources: mem_mb=4692, mem_mib=4475, disk_mb=4692, disk_mib=4475, tmpdir=<TBD>, partition=standard

Submitted job 31 with external jobid 'Submitted batch job 220187'.
[Sat Nov 18 08:15:22 2023]
Finished job 40.
2 of 13 steps (15%) done
Select jobs to execute...

[Sat Nov 18 08:15:22 2023]
rule map_fr_reads:
    input: results/WaterYear_AC7_D1_coass-16O-0-7/bbmap_ref/WaterYear_AC7_D1_coass-16O-0-7, /groups/banfield/sequences/2023/WaterYear_AC7_D1_18O-7_5/raw.d/WaterYear_AC7_D1_18O-7_5_trim_clean.PE.1.fastq.gz, /groups/banfield/sequences/2023/WaterYear_AC7_D1_18O-7_5/raw.d/WaterYear_AC7_D1_18O-7_5_trim_clean.PE.2.fastq.gz
    output: results/maps/5/covstats_WaterYear_AC7_D1_coass-16O-0-7_5_18O.tsv, results/maps/5/covhist_WaterYear_AC7_D1_coass-16O-0-7_5_18O.tsv, results/maps/5/WaterYear_AC7_D1_coass-16O-0-7_5_18O_mapped.sort.bam
    log: logs/maps/5/WaterYear_AC7_D1_coass-16O-0-7_18O_mapping.log
    jobid: 130
    reason: Missing output files: results/maps/5/WaterYear_AC7_D1_coass-16O-0-7_5_18O_mapped.sort.bam
    wildcards: n=5, sample=WaterYear_AC7_D1_coass-16O-0-7, isotope=18O
    threads: 10000
    resources: mem_mb=4450, mem_mib=4244, disk_mb=4450, disk_mib=4244, tmpdir=<TBD>, partition=standard

Submitted job 130 with external jobid 'Submitted batch job 220194'.
[Sat Nov 18 08:19:02 2023]
Finished job 37.
3 of 13 steps (23%) done
Select jobs to execute...

[Sat Nov 18 08:19:02 2023]
rule map_fr_reads:
    input: results/WaterYear_AC3_D1_coass-16O-0-7/bbmap_ref/WaterYear_AC3_D1_coass-16O-0-7, /groups/banfield/sequences/2023/WaterYear_AC3_D1_18O-7_4/raw.d/WaterYear_AC3_D1_18O-7_4_trim_clean.PE.1.fastq.gz, /groups/banfield/sequences/2023/WaterYear_AC3_D1_18O-7_4/raw.d/WaterYear_AC3_D1_18O-7_4_trim_clean.PE.2.fastq.gz
    output: results/maps/4/covstats_WaterYear_AC3_D1_coass-16O-0-7_4_18O.tsv, results/maps/4/covhist_WaterYear_AC3_D1_coass-16O-0-7_4_18O.tsv, results/maps/4/WaterYear_AC3_D1_coass-16O-0-7_4_18O_mapped.sort.bam
    log: logs/maps/4/WaterYear_AC3_D1_coass-16O-0-7_18O_mapping.log
    jobid: 38
    reason: Missing output files: results/maps/4/WaterYear_AC3_D1_coass-16O-0-7_4_18O_mapped.sort.bam
    wildcards: n=4, sample=WaterYear_AC3_D1_coass-16O-0-7, isotope=18O
    threads: 10000
    resources: mem_mb=4372, mem_mib=4170, disk_mb=4372, disk_mib=4170, tmpdir=<TBD>, partition=standard

Submitted job 38 with external jobid 'Submitted batch job 220209'.
[Sat Nov 18 08:23:32 2023]
Finished job 36.
4 of 13 steps (31%) done
[Sat Nov 18 08:41:03 2023]
Finished job 130.
5 of 13 steps (38%) done
[Sat Nov 18 08:41:03 2023]
Finished job 38.
6 of 13 steps (46%) done
[Sat Nov 18 08:42:34 2023]
Finished job 35.
7 of 13 steps (54%) done
[Sat Nov 18 08:44:04 2023]
Finished job 34.
8 of 13 steps (62%) done
[Sat Nov 18 08:46:34 2023]
Finished job 32.
9 of 13 steps (69%) done
[Sat Nov 18 09:01:05 2023]
Finished job 33.
10 of 13 steps (77%) done
[Sat Nov 18 09:27:16 2023]
Finished job 31.
11 of 13 steps (85%) done
Select jobs to execute...

[Sat Nov 18 09:27:16 2023]
rule get_count_table:
    input: results/maps/t0/WaterYear_AC3_D1_coass-16O-0-7_t0_mapped.sort.bam, results/maps/t0/WaterYear_AC3_D3_coass-16O-0-7_t0_mapped.sort.bam, results/maps/t0/WaterYear_AC3_D5_coass-16O-0-7_t0_mapped.sort.bam, results/maps/t0/WaterYear_AC4_D1_coass-16O-0-7_t0_mapped.sort.bam, results/maps/t0/WaterYear_AC4_D3_coass-16O-0-7_t0_mapped.sort.bam, results/maps/t0/WaterYear_AC4_D5_coass-16O-0-7_t0_mapped.sort.bam, results/maps/t0/WaterYear_AC5_D1_coass-16O-0-7_t0_mapped.sort.bam, results/maps/t0/WaterYear_AC5_D3_coass-16O-0-7_t0_mapped.sort.bam, results/maps/t0/WaterYear_AC5_D5_coass-16O-0-7_t0_mapped.sort.bam, results/maps/t0/WaterYear_AC7_D1_coass-16O-0-7_t0_mapped.sort.bam, results/maps/t0/WaterYear_AC7_D3_coass-16O-0-7_t0_mapped.sort.bam, results/maps/t0/WaterYear_AC7_D5_coass-16O-0-7_t0_mapped.sort.bam, results/maps/t0/WaterYear_AC9_D3_coass-16O-0-7_t0_mapped.sort.bam, results/maps/t0/WaterYear_AC9_D5_coass-16O-0-7_t0_mapped.sort.bam, results/maps/t0/WaterYear_AC9_D1_coass-16O-0-7_t0_mapped.sort.bam, results/maps/1/WaterYear_AC3_D1_coass-16O-0-7_1_16O_mapped.sort.bam, results/maps/1/WaterYear_AC3_D1_coass-16O-0-7_1_16O_mapped.sort.bam, results/maps/2/WaterYear_AC3_D1_coass-16O-0-7_2_16O_mapped.sort.bam, results/maps/2/WaterYear_AC3_D1_coass-16O-0-7_2_16O_mapped.sort.bam, results/maps/3/WaterYear_AC3_D1_coass-16O-0-7_3_16O_mapped.sort.bam, results/maps/3/WaterYear_AC3_D1_coass-16O-0-7_3_16O_mapped.sort.bam, results/maps/4/WaterYear_AC3_D1_coass-16O-0-7_4_16O_mapped.sort.bam, results/maps/4/WaterYear_AC3_D1_coass-16O-0-7_4_16O_mapped.sort.bam, results/maps/5/WaterYear_AC3_D1_coass-16O-0-7_5_16O_mapped.sort.bam, results/maps/5/WaterYear_AC3_D1_coass-16O-0-7_5_16O_mapped.sort.bam, results/maps/1/WaterYear_AC3_D1_coass-16O-0-7_1_18O_mapped.sort.bam, results/maps/1/WaterYear_AC3_D1_coass-16O-0-7_1_18O_mapped.sort.bam, results/maps/2/WaterYear_AC3_D1_coass-16O-0-7_2_18O_mapped.sort.bam, results/maps/2/WaterYear_AC3_D1_coass-16O-0-7_2_18O_mapped.sort.bam, results/maps/3/WaterYear_AC3_D1_coass-16O-0-7_3_18O_mapped.sort.bam, results/maps/3/WaterYear_AC3_D1_coass-16O-0-7_3_18O_mapped.sort.bam, results/maps/4/WaterYear_AC3_D1_coass-16O-0-7_4_18O_mapped.sort.bam, results/maps/4/WaterYear_AC3_D1_coass-16O-0-7_4_18O_mapped.sort.bam, results/maps/5/WaterYear_AC3_D1_coass-16O-0-7_5_18O_mapped.sort.bam, results/maps/5/WaterYear_AC3_D1_coass-16O-0-7_5_18O_mapped.sort.bam, results/maps/1/WaterYear_AC3_D3_coass-16O-0-7_1_16O_mapped.sort.bam, results/maps/1/WaterYear_AC3_D3_coass-16O-0-7_1_16O_mapped.sort.bam, results/maps/2/WaterYear_AC3_D3_coass-16O-0-7_2_16O_mapped.sort.bam, results/maps/2/WaterYear_AC3_D3_coass-16O-0-7_2_16O_mapped.sort.bam, results/maps/3/WaterYear_AC3_D3_coass-16O-0-7_3_16O_mapped.sort.bam, results/maps/3/WaterYear_AC3_D3_coass-16O-0-7_3_16O_mapped.sort.bam, results/maps/4/WaterYear_AC3_D3_coass-16O-0-7_4_16O_mapped.sort.bam, results/maps/4/WaterYear_AC3_D3_coass-16O-0-7_4_16O_mapped.sort.bam, results/maps/5/WaterYear_AC3_D3_coass-16O-0-7_5_16O_mapped.sort.bam, results/maps/5/WaterYear_AC3_D3_coass-16O-0-7_5_16O_mapped.sort.bam, results/maps/1/WaterYear_AC3_D3_coass-16O-0-7_1_18O_mapped.sort.bam, results/maps/1/WaterYear_AC3_D3_coass-16O-0-7_1_18O_mapped.sort.bam, results/maps/2/WaterYear_AC3_D3_coass-16O-0-7_2_18O_mapped.sort.bam, results/maps/2/WaterYear_AC3_D3_coass-16O-0-7_2_18O_mapped.sort.bam, results/maps/3/WaterYear_AC3_D3_coass-16O-0-7_3_18O_mapped.sort.bam, results/maps/3/WaterYear_AC3_D3_coass-16O-0-7_3_18O_mapped.sort.bam, results/maps/4/WaterYear_AC3_D3_coass-16O-0-7_4_18O_mapped.sort.bam, results/maps/4/WaterYear_AC3_D3_coass-16O-0-7_4_18O_mapped.sort.bam, results/maps/5/WaterYear_AC3_D3_coass-16O-0-7_5_18O_mapped.sort.bam, results/maps/5/WaterYear_AC3_D3_coass-16O-0-7_5_18O_mapped.sort.bam, results/maps/1/WaterYear_AC3_D5_coass-16O-0-7_1_16O_mapped.sort.bam, results/maps/1/WaterYear_AC3_D5_coass-16O-0-7_1_16O_mapped.sort.bam, results/maps/2/WaterYear_AC3_D5_coass-16O-0-7_2_16O_mapped.sort.bam, results/maps/2/WaterYear_AC3_D5_coass-16O-0-7_2_16O_mapped.sort.bam, results/maps/3/WaterYear_AC3_D5_coass-16O-0-7_3_16O_mapped.sort.bam, results/maps/3/WaterYear_AC3_D5_coass-16O-0-7_3_16O_mapped.sort.bam, results/maps/4/WaterYear_AC3_D5_coass-16O-0-7_4_16O_mapped.sort.bam, results/maps/4/WaterYear_AC3_D5_coass-16O-0-7_4_16O_mapped.sort.bam, results/maps/5/WaterYear_AC3_D5_coass-16O-0-7_5_16O_mapped.sort.bam, results/maps/5/WaterYear_AC3_D5_coass-16O-0-7_5_16O_mapped.sort.bam, results/maps/1/WaterYear_AC3_D5_coass-16O-0-7_1_18O_mapped.sort.bam, results/maps/1/WaterYear_AC3_D5_coass-16O-0-7_1_18O_mapped.sort.bam, results/maps/2/WaterYear_AC3_D5_coass-16O-0-7_2_18O_mapped.sort.bam, results/maps/2/WaterYear_AC3_D5_coass-16O-0-7_2_18O_mapped.sort.bam, results/maps/3/WaterYear_AC3_D5_coass-16O-0-7_3_18O_mapped.sort.bam, results/maps/3/WaterYear_AC3_D5_coass-16O-0-7_3_18O_mapped.sort.bam, results/maps/4/WaterYear_AC3_D5_coass-16O-0-7_4_18O_mapped.sort.bam, results/maps/4/WaterYear_AC3_D5_coass-16O-0-7_4_18O_mapped.sort.bam, results/maps/5/WaterYear_AC3_D5_coass-16O-0-7_5_18O_mapped.sort.bam, results/maps/5/WaterYear_AC3_D5_coass-16O-0-7_5_18O_mapped.sort.bam, results/maps/1/WaterYear_AC4_D1_coass-16O-0-7_1_16O_mapped.sort.bam, results/maps/1/WaterYear_AC4_D1_coass-16O-0-7_1_16O_mapped.sort.bam, results/maps/2/WaterYear_AC4_D1_coass-16O-0-7_2_16O_mapped.sort.bam, results/maps/2/WaterYear_AC4_D1_coass-16O-0-7_2_16O_mapped.sort.bam, results/maps/3/WaterYear_AC4_D1_coass-16O-0-7_3_16O_mapped.sort.bam, results/maps/3/WaterYear_AC4_D1_coass-16O-0-7_3_16O_mapped.sort.bam, results/maps/4/WaterYear_AC4_D1_coass-16O-0-7_4_16O_mapped.sort.bam, results/maps/4/WaterYear_AC4_D1_coass-16O-0-7_4_16O_mapped.sort.bam, results/maps/5/WaterYear_AC4_D1_coass-16O-0-7_5_16O_mapped.sort.bam, results/maps/5/WaterYear_AC4_D1_coass-16O-0-7_5_16O_mapped.sort.bam, results/maps/1/WaterYear_AC4_D1_coass-16O-0-7_1_18O_mapped.sort.bam, results/maps/1/WaterYear_AC4_D1_coass-16O-0-7_1_18O_mapped.sort.bam, results/maps/2/WaterYear_AC4_D1_coass-16O-0-7_2_18O_mapped.sort.bam, results/maps/2/WaterYear_AC4_D1_coass-16O-0-7_2_18O_mapped.sort.bam, results/maps/3/WaterYear_AC4_D1_coass-16O-0-7_3_18O_mapped.sort.bam, results/maps/3/WaterYear_AC4_D1_coass-16O-0-7_3_18O_mapped.sort.bam, results/maps/4/WaterYear_AC4_D1_coass-16O-0-7_4_18O_mapped.sort.bam, results/maps/4/WaterYear_AC4_D1_coass-16O-0-7_4_18O_mapped.sort.bam, results/maps/5/WaterYear_AC4_D1_coass-16O-0-7_5_18O_mapped.sort.bam, results/maps/5/WaterYear_AC4_D1_coass-16O-0-7_5_18O_mapped.sort.bam, results/maps/1/WaterYear_AC4_D3_coass-16O-0-7_1_16O_mapped.sort.bam, results/maps/1/WaterYear_AC4_D3_coass-16O-0-7_1_16O_mapped.sort.bam, results/maps/2/WaterYear_AC4_D3_coass-16O-0-7_2_16O_mapped.sort.bam, results/maps/2/WaterYear_AC4_D3_coass-16O-0-7_2_16O_mapped.sort.bam, results/maps/3/WaterYear_AC4_D3_coass-16O-0-7_3_16O_mapped.sort.bam, results/maps/3/WaterYear_AC4_D3_coass-16O-0-7_3_16O_mapped.sort.bam, results/maps/4/WaterYear_AC4_D3_coass-16O-0-7_4_16O_mapped.sort.bam, results/maps/4/WaterYear_AC4_D3_coass-16O-0-7_4_16O_mapped.sort.bam, results/maps/5/WaterYear_AC4_D3_coass-16O-0-7_5_16O_mapped.sort.bam, results/maps/5/WaterYear_AC4_D3_coass-16O-0-7_5_16O_mapped.sort.bam, results/maps/1/WaterYear_AC4_D3_coass-16O-0-7_1_18O_mapped.sort.bam, results/maps/1/WaterYear_AC4_D3_coass-16O-0-7_1_18O_mapped.sort.bam, results/maps/2/WaterYear_AC4_D3_coass-16O-0-7_2_18O_mapped.sort.bam, results/maps/2/WaterYear_AC4_D3_coass-16O-0-7_2_18O_mapped.sort.bam, results/maps/3/WaterYear_AC4_D3_coass-16O-0-7_3_18O_mapped.sort.bam, results/maps/3/WaterYear_AC4_D3_coass-16O-0-7_3_18O_mapped.sort.bam, results/maps/4/WaterYear_AC4_D3_coass-16O-0-7_4_18O_mapped.sort.bam, results/maps/4/WaterYear_AC4_D3_coass-16O-0-7_4_18O_mapped.sort.bam, results/maps/5/WaterYear_AC4_D3_coass-16O-0-7_5_18O_mapped.sort.bam, results/maps/5/WaterYear_AC4_D3_coass-16O-0-7_5_18O_mapped.sort.bam, results/maps/1/WaterYear_AC4_D5_coass-16O-0-7_1_16O_mapped.sort.bam, results/maps/1/WaterYear_AC4_D5_coass-16O-0-7_1_16O_mapped.sort.bam, results/maps/2/WaterYear_AC4_D5_coass-16O-0-7_2_16O_mapped.sort.bam, results/maps/2/WaterYear_AC4_D5_coass-16O-0-7_2_16O_mapped.sort.bam, results/maps/3/WaterYear_AC4_D5_coass-16O-0-7_3_16O_mapped.sort.bam, results/maps/3/WaterYear_AC4_D5_coass-16O-0-7_3_16O_mapped.sort.bam, results/maps/4/WaterYear_AC4_D5_coass-16O-0-7_4_16O_mapped.sort.bam, results/maps/4/WaterYear_AC4_D5_coass-16O-0-7_4_16O_mapped.sort.bam, results/maps/5/WaterYear_AC4_D5_coass-16O-0-7_5_16O_mapped.sort.bam, results/maps/5/WaterYear_AC4_D5_coass-16O-0-7_5_16O_mapped.sort.bam, results/maps/1/WaterYear_AC4_D5_coass-16O-0-7_1_18O_mapped.sort.bam, results/maps/1/WaterYear_AC4_D5_coass-16O-0-7_1_18O_mapped.sort.bam, results/maps/2/WaterYear_AC4_D5_coass-16O-0-7_2_18O_mapped.sort.bam, results/maps/2/WaterYear_AC4_D5_coass-16O-0-7_2_18O_mapped.sort.bam, results/maps/3/WaterYear_AC4_D5_coass-16O-0-7_3_18O_mapped.sort.bam, results/maps/3/WaterYear_AC4_D5_coass-16O-0-7_3_18O_mapped.sort.bam, results/maps/4/WaterYear_AC4_D5_coass-16O-0-7_4_18O_mapped.sort.bam, results/maps/4/WaterYear_AC4_D5_coass-16O-0-7_4_18O_mapped.sort.bam, results/maps/5/WaterYear_AC4_D5_coass-16O-0-7_5_18O_mapped.sort.bam, results/maps/5/WaterYear_AC4_D5_coass-16O-0-7_5_18O_mapped.sort.bam, results/maps/1/WaterYear_AC5_D1_coass-16O-0-7_1_16O_mapped.sort.bam, results/maps/1/WaterYear_AC5_D1_coass-16O-0-7_1_16O_mapped.sort.bam, results/maps/2/WaterYear_AC5_D1_coass-16O-0-7_2_16O_mapped.sort.bam, results/maps/2/WaterYear_AC5_D1_coass-16O-0-7_2_16O_mapped.sort.bam, results/maps/3/WaterYear_AC5_D1_coass-16O-0-7_3_16O_mapped.sort.bam, results/maps/3/WaterYear_AC5_D1_coass-16O-0-7_3_16O_mapped.sort.bam, results/maps/4/WaterYear_AC5_D1_coass-16O-0-7_4_16O_mapped.sort.bam, results/maps/4/WaterYear_AC5_D1_coass-16O-0-7_4_16O_mapped.sort.bam, results/maps/5/WaterYear_AC5_D1_coass-16O-0-7_5_16O_mapped.sort.bam, results/maps/5/WaterYear_AC5_D1_coass-16O-0-7_5_16O_mapped.sort.bam, results/maps/1/WaterYear_AC5_D1_coass-16O-0-7_1_18O_mapped.sort.bam, results/maps/1/WaterYear_AC5_D1_coass-16O-0-7_1_18O_mapped.sort.bam, results/maps/2/WaterYear_AC5_D1_coass-16O-0-7_2_18O_mapped.sort.bam, results/maps/2/WaterYear_AC5_D1_coass-16O-0-7_2_18O_mapped.sort.bam, results/maps/3/WaterYear_AC5_D1_coass-16O-0-7_3_18O_mapped.sort.bam, results/maps/3/WaterYear_AC5_D1_coass-16O-0-7_3_18O_mapped.sort.bam, results/maps/4/WaterYear_AC5_D1_coass-16O-0-7_4_18O_mapped.sort.bam, results/maps/4/WaterYear_AC5_D1_coass-16O-0-7_4_18O_mapped.sort.bam, results/maps/5/WaterYear_AC5_D1_coass-16O-0-7_5_18O_mapped.sort.bam, results/maps/5/WaterYear_AC5_D1_coass-16O-0-7_5_18O_mapped.sort.bam, results/maps/1/WaterYear_AC5_D3_coass-16O-0-7_1_16O_mapped.sort.bam, results/maps/1/WaterYear_AC5_D3_coass-16O-0-7_1_16O_mapped.sort.bam, results/maps/2/WaterYear_AC5_D3_coass-16O-0-7_2_16O_mapped.sort.bam, results/maps/2/WaterYear_AC5_D3_coass-16O-0-7_2_16O_mapped.sort.bam, results/maps/3/WaterYear_AC5_D3_coass-16O-0-7_3_16O_mapped.sort.bam, results/maps/3/WaterYear_AC5_D3_coass-16O-0-7_3_16O_mapped.sort.bam, results/maps/4/WaterYear_AC5_D3_coass-16O-0-7_4_16O_mapped.sort.bam, results/maps/4/WaterYear_AC5_D3_coass-16O-0-7_4_16O_mapped.sort.bam, results/maps/5/WaterYear_AC5_D3_coass-16O-0-7_5_16O_mapped.sort.bam, results/maps/5/WaterYear_AC5_D3_coass-16O-0-7_5_16O_mapped.sort.bam, results/maps/1/WaterYear_AC5_D3_coass-16O-0-7_1_18O_mapped.sort.bam, results/maps/1/WaterYear_AC5_D3_coass-16O-0-7_1_18O_mapped.sort.bam, results/maps/2/WaterYear_AC5_D3_coass-16O-0-7_2_18O_mapped.sort.bam, results/maps/2/WaterYear_AC5_D3_coass-16O-0-7_2_18O_mapped.sort.bam, results/maps/3/WaterYear_AC5_D3_coass-16O-0-7_3_18O_mapped.sort.bam, results/maps/3/WaterYear_AC5_D3_coass-16O-0-7_3_18O_mapped.sort.bam, results/maps/4/WaterYear_AC5_D3_coass-16O-0-7_4_18O_mapped.sort.bam, results/maps/4/WaterYear_AC5_D3_coass-16O-0-7_4_18O_mapped.sort.bam, results/maps/5/WaterYear_AC5_D3_coass-16O-0-7_5_18O_mapped.sort.bam, results/maps/5/WaterYear_AC5_D3_coass-16O-0-7_5_18O_mapped.sort.bam, results/maps/1/WaterYear_AC5_D5_coass-16O-0-7_1_16O_mapped.sort.bam, results/maps/1/WaterYear_AC5_D5_coass-16O-0-7_1_16O_mapped.sort.bam, results/maps/2/WaterYear_AC5_D5_coass-16O-0-7_2_16O_mapped.sort.bam, results/maps/2/WaterYear_AC5_D5_coass-16O-0-7_2_16O_mapped.sort.bam, results/maps/3/WaterYear_AC5_D5_coass-16O-0-7_3_16O_mapped.sort.bam, results/maps/3/WaterYear_AC5_D5_coass-16O-0-7_3_16O_mapped.sort.bam, results/maps/4/WaterYear_AC5_D5_coass-16O-0-7_4_16O_mapped.sort.bam, results/maps/4/WaterYear_AC5_D5_coass-16O-0-7_4_16O_mapped.sort.bam, results/maps/5/WaterYear_AC5_D5_coass-16O-0-7_5_16O_mapped.sort.bam, results/maps/5/WaterYear_AC5_D5_coass-16O-0-7_5_16O_mapped.sort.bam, results/maps/1/WaterYear_AC5_D5_coass-16O-0-7_1_18O_mapped.sort.bam, results/maps/1/WaterYear_AC5_D5_coass-16O-0-7_1_18O_mapped.sort.bam, results/maps/2/WaterYear_AC5_D5_coass-16O-0-7_2_18O_mapped.sort.bam, results/maps/2/WaterYear_AC5_D5_coass-16O-0-7_2_18O_mapped.sort.bam, results/maps/3/WaterYear_AC5_D5_coass-16O-0-7_3_18O_mapped.sort.bam, results/maps/3/WaterYear_AC5_D5_coass-16O-0-7_3_18O_mapped.sort.bam, results/maps/4/WaterYear_AC5_D5_coass-16O-0-7_4_18O_mapped.sort.bam, results/maps/4/WaterYear_AC5_D5_coass-16O-0-7_4_18O_mapped.sort.bam, results/maps/5/WaterYear_AC5_D5_coass-16O-0-7_5_18O_mapped.sort.bam, results/maps/5/WaterYear_AC5_D5_coass-16O-0-7_5_18O_mapped.sort.bam, results/maps/1/WaterYear_AC7_D1_coass-16O-0-7_1_16O_mapped.sort.bam, results/maps/1/WaterYear_AC7_D1_coass-16O-0-7_1_16O_mapped.sort.bam, results/maps/2/WaterYear_AC7_D1_coass-16O-0-7_2_16O_mapped.sort.bam, results/maps/2/WaterYear_AC7_D1_coass-16O-0-7_2_16O_mapped.sort.bam, results/maps/3/WaterYear_AC7_D1_coass-16O-0-7_3_16O_mapped.sort.bam, results/maps/3/WaterYear_AC7_D1_coass-16O-0-7_3_16O_mapped.sort.bam, results/maps/4/WaterYear_AC7_D1_coass-16O-0-7_4_16O_mapped.sort.bam, results/maps/4/WaterYear_AC7_D1_coass-16O-0-7_4_16O_mapped.sort.bam, results/maps/5/WaterYear_AC7_D1_coass-16O-0-7_5_16O_mapped.sort.bam, results/maps/5/WaterYear_AC7_D1_coass-16O-0-7_5_16O_mapped.sort.bam, results/maps/1/WaterYear_AC7_D1_coass-16O-0-7_1_18O_mapped.sort.bam, results/maps/1/WaterYear_AC7_D1_coass-16O-0-7_1_18O_mapped.sort.bam, results/maps/2/WaterYear_AC7_D1_coass-16O-0-7_2_18O_mapped.sort.bam, results/maps/2/WaterYear_AC7_D1_coass-16O-0-7_2_18O_mapped.sort.bam, results/maps/3/WaterYear_AC7_D1_coass-16O-0-7_3_18O_mapped.sort.bam, results/maps/3/WaterYear_AC7_D1_coass-16O-0-7_3_18O_mapped.sort.bam, results/maps/4/WaterYear_AC7_D1_coass-16O-0-7_4_18O_mapped.sort.bam, results/maps/4/WaterYear_AC7_D1_coass-16O-0-7_4_18O_mapped.sort.bam, results/maps/5/WaterYear_AC7_D1_coass-16O-0-7_5_18O_mapped.sort.bam, results/maps/5/WaterYear_AC7_D1_coass-16O-0-7_5_18O_mapped.sort.bam, results/maps/1/WaterYear_AC7_D3_coass-16O-0-7_1_16O_mapped.sort.bam, results/maps/1/WaterYear_AC7_D3_coass-16O-0-7_1_16O_mapped.sort.bam, results/maps/2/WaterYear_AC7_D3_coass-16O-0-7_2_16O_mapped.sort.bam, results/maps/2/WaterYear_AC7_D3_coass-16O-0-7_2_16O_mapped.sort.bam, results/maps/3/WaterYear_AC7_D3_coass-16O-0-7_3_16O_mapped.sort.bam, results/maps/3/WaterYear_AC7_D3_coass-16O-0-7_3_16O_mapped.sort.bam, results/maps/4/WaterYear_AC7_D3_coass-16O-0-7_4_16O_mapped.sort.bam, results/maps/4/WaterYear_AC7_D3_coass-16O-0-7_4_16O_mapped.sort.bam, results/maps/5/WaterYear_AC7_D3_coass-16O-0-7_5_16O_mapped.sort.bam, results/maps/5/WaterYear_AC7_D3_coass-16O-0-7_5_16O_mapped.sort.bam, results/maps/1/WaterYear_AC7_D3_coass-16O-0-7_1_18O_mapped.sort.bam, results/maps/1/WaterYear_AC7_D3_coass-16O-0-7_1_18O_mapped.sort.bam, results/maps/2/WaterYear_AC7_D3_coass-16O-0-7_2_18O_mapped.sort.bam, results/maps/2/WaterYear_AC7_D3_coass-16O-0-7_2_18O_mapped.sort.bam, results/maps/3/WaterYear_AC7_D3_coass-16O-0-7_3_18O_mapped.sort.bam, results/maps/3/WaterYear_AC7_D3_coass-16O-0-7_3_18O_mapped.sort.bam, results/maps/4/WaterYear_AC7_D3_coass-16O-0-7_4_18O_mapped.sort.bam, results/maps/4/WaterYear_AC7_D3_coass-16O-0-7_4_18O_mapped.sort.bam, results/maps/5/WaterYear_AC7_D3_coass-16O-0-7_5_18O_mapped.sort.bam, results/maps/5/WaterYear_AC7_D3_coass-16O-0-7_5_18O_mapped.sort.bam, results/maps/1/WaterYear_AC7_D5_coass-16O-0-7_1_16O_mapped.sort.bam, results/maps/1/WaterYear_AC7_D5_coass-16O-0-7_1_16O_mapped.sort.bam, results/maps/2/WaterYear_AC7_D5_coass-16O-0-7_2_16O_mapped.sort.bam, results/maps/2/WaterYear_AC7_D5_coass-16O-0-7_2_16O_mapped.sort.bam, results/maps/3/WaterYear_AC7_D5_coass-16O-0-7_3_16O_mapped.sort.bam, results/maps/3/WaterYear_AC7_D5_coass-16O-0-7_3_16O_mapped.sort.bam, results/maps/4/WaterYear_AC7_D5_coass-16O-0-7_4_16O_mapped.sort.bam, results/maps/4/WaterYear_AC7_D5_coass-16O-0-7_4_16O_mapped.sort.bam, results/maps/5/WaterYear_AC7_D5_coass-16O-0-7_5_16O_mapped.sort.bam, results/maps/5/WaterYear_AC7_D5_coass-16O-0-7_5_16O_mapped.sort.bam, results/maps/1/WaterYear_AC7_D5_coass-16O-0-7_1_18O_mapped.sort.bam, results/maps/1/WaterYear_AC7_D5_coass-16O-0-7_1_18O_mapped.sort.bam, results/maps/2/WaterYear_AC7_D5_coass-16O-0-7_2_18O_mapped.sort.bam, results/maps/2/WaterYear_AC7_D5_coass-16O-0-7_2_18O_mapped.sort.bam, results/maps/3/WaterYear_AC7_D5_coass-16O-0-7_3_18O_mapped.sort.bam, results/maps/3/WaterYear_AC7_D5_coass-16O-0-7_3_18O_mapped.sort.bam, results/maps/4/WaterYear_AC7_D5_coass-16O-0-7_4_18O_mapped.sort.bam, results/maps/4/WaterYear_AC7_D5_coass-16O-0-7_4_18O_mapped.sort.bam, results/maps/5/WaterYear_AC7_D5_coass-16O-0-7_5_18O_mapped.sort.bam, results/maps/5/WaterYear_AC7_D5_coass-16O-0-7_5_18O_mapped.sort.bam, results/maps/1/WaterYear_AC9_D3_coass-16O-0-7_1_16O_mapped.sort.bam, results/maps/1/WaterYear_AC9_D3_coass-16O-0-7_1_16O_mapped.sort.bam, results/maps/2/WaterYear_AC9_D3_coass-16O-0-7_2_16O_mapped.sort.bam, results/maps/2/WaterYear_AC9_D3_coass-16O-0-7_2_16O_mapped.sort.bam, results/maps/3/WaterYear_AC9_D3_coass-16O-0-7_3_16O_mapped.sort.bam, results/maps/3/WaterYear_AC9_D3_coass-16O-0-7_3_16O_mapped.sort.bam, results/maps/4/WaterYear_AC9_D3_coass-16O-0-7_4_16O_mapped.sort.bam, results/maps/4/WaterYear_AC9_D3_coass-16O-0-7_4_16O_mapped.sort.bam, results/maps/5/WaterYear_AC9_D3_coass-16O-0-7_5_16O_mapped.sort.bam, results/maps/5/WaterYear_AC9_D3_coass-16O-0-7_5_16O_mapped.sort.bam, results/maps/1/WaterYear_AC9_D3_coass-16O-0-7_1_18O_mapped.sort.bam, results/maps/1/WaterYear_AC9_D3_coass-16O-0-7_1_18O_mapped.sort.bam, results/maps/2/WaterYear_AC9_D3_coass-16O-0-7_2_18O_mapped.sort.bam, results/maps/2/WaterYear_AC9_D3_coass-16O-0-7_2_18O_mapped.sort.bam, results/maps/3/WaterYear_AC9_D3_coass-16O-0-7_3_18O_mapped.sort.bam, results/maps/3/WaterYear_AC9_D3_coass-16O-0-7_3_18O_mapped.sort.bam, results/maps/4/WaterYear_AC9_D3_coass-16O-0-7_4_18O_mapped.sort.bam, results/maps/4/WaterYear_AC9_D3_coass-16O-0-7_4_18O_mapped.sort.bam, results/maps/5/WaterYear_AC9_D3_coass-16O-0-7_5_18O_mapped.sort.bam, results/maps/5/WaterYear_AC9_D3_coass-16O-0-7_5_18O_mapped.sort.bam, results/maps/1/WaterYear_AC9_D5_coass-16O-0-7_1_16O_mapped.sort.bam, results/maps/1/WaterYear_AC9_D5_coass-16O-0-7_1_16O_mapped.sort.bam, results/maps/2/WaterYear_AC9_D5_coass-16O-0-7_2_16O_mapped.sort.bam, results/maps/2/WaterYear_AC9_D5_coass-16O-0-7_2_16O_mapped.sort.bam, results/maps/3/WaterYear_AC9_D5_coass-16O-0-7_3_16O_mapped.sort.bam, results/maps/3/WaterYear_AC9_D5_coass-16O-0-7_3_16O_mapped.sort.bam, results/maps/4/WaterYear_AC9_D5_coass-16O-0-7_4_16O_mapped.sort.bam, results/maps/4/WaterYear_AC9_D5_coass-16O-0-7_4_16O_mapped.sort.bam, results/maps/5/WaterYear_AC9_D5_coass-16O-0-7_5_16O_mapped.sort.bam, results/maps/5/WaterYear_AC9_D5_coass-16O-0-7_5_16O_mapped.sort.bam, results/maps/1/WaterYear_AC9_D5_coass-16O-0-7_1_18O_mapped.sort.bam, results/maps/1/WaterYear_AC9_D5_coass-16O-0-7_1_18O_mapped.sort.bam, results/maps/2/WaterYear_AC9_D5_coass-16O-0-7_2_18O_mapped.sort.bam, results/maps/2/WaterYear_AC9_D5_coass-16O-0-7_2_18O_mapped.sort.bam, results/maps/3/WaterYear_AC9_D5_coass-16O-0-7_3_18O_mapped.sort.bam, results/maps/3/WaterYear_AC9_D5_coass-16O-0-7_3_18O_mapped.sort.bam, results/maps/4/WaterYear_AC9_D5_coass-16O-0-7_4_18O_mapped.sort.bam, results/maps/4/WaterYear_AC9_D5_coass-16O-0-7_4_18O_mapped.sort.bam, results/maps/5/WaterYear_AC9_D5_coass-16O-0-7_5_18O_mapped.sort.bam, results/maps/5/WaterYear_AC9_D5_coass-16O-0-7_5_18O_mapped.sort.bam, results/maps/1/WaterYear_AC9_D1_coass-16O-0-7_1_16O_mapped.sort.bam, results/maps/1/WaterYear_AC9_D1_coass-16O-0-7_1_16O_mapped.sort.bam, results/maps/2/WaterYear_AC9_D1_coass-16O-0-7_2_16O_mapped.sort.bam, results/maps/2/WaterYear_AC9_D1_coass-16O-0-7_2_16O_mapped.sort.bam, results/maps/3/WaterYear_AC9_D1_coass-16O-0-7_3_16O_mapped.sort.bam, results/maps/3/WaterYear_AC9_D1_coass-16O-0-7_3_16O_mapped.sort.bam, results/maps/4/WaterYear_AC9_D1_coass-16O-0-7_4_16O_mapped.sort.bam, results/maps/4/WaterYear_AC9_D1_coass-16O-0-7_4_16O_mapped.sort.bam, results/maps/5/WaterYear_AC9_D1_coass-16O-0-7_5_16O_mapped.sort.bam, results/maps/5/WaterYear_AC9_D1_coass-16O-0-7_5_16O_mapped.sort.bam, results/maps/1/WaterYear_AC9_D1_coass-16O-0-7_1_18O_mapped.sort.bam, results/maps/1/WaterYear_AC9_D1_coass-16O-0-7_1_18O_mapped.sort.bam, results/maps/2/WaterYear_AC9_D1_coass-16O-0-7_2_18O_mapped.sort.bam, results/maps/2/WaterYear_AC9_D1_coass-16O-0-7_2_18O_mapped.sort.bam, results/maps/3/WaterYear_AC9_D1_coass-16O-0-7_3_18O_mapped.sort.bam, results/maps/3/WaterYear_AC9_D1_coass-16O-0-7_3_18O_mapped.sort.bam, results/maps/4/WaterYear_AC9_D1_coass-16O-0-7_4_18O_mapped.sort.bam, results/maps/4/WaterYear_AC9_D1_coass-16O-0-7_4_18O_mapped.sort.bam, results/maps/5/WaterYear_AC9_D1_coass-16O-0-7_5_18O_mapped.sort.bam, results/maps/5/WaterYear_AC9_D1_coass-16O-0-7_5_18O_mapped.sort.bam
    output: results/count_table.tsv
    jobid: 181
    reason: Missing output files: results/count_table.tsv; Input files updated by another job: results/maps/1/WaterYear_AC3_D1_coass-16O-0-7_1_16O_mapped.sort.bam, results/maps/1/WaterYear_AC3_D1_coass-16O-0-7_1_18O_mapped.sort.bam, results/maps/2/WaterYear_AC3_D1_coass-16O-0-7_2_16O_mapped.sort.bam, results/maps/5/WaterYear_AC3_D1_coass-16O-0-7_5_16O_mapped.sort.bam, results/maps/5/WaterYear_AC3_D1_coass-16O-0-7_5_18O_mapped.sort.bam, results/maps/4/WaterYear_AC3_D1_coass-16O-0-7_4_18O_mapped.sort.bam, results/maps/5/WaterYear_AC7_D1_coass-16O-0-7_5_18O_mapped.sort.bam, results/maps/3/WaterYear_AC3_D1_coass-16O-0-7_3_16O_mapped.sort.bam, results/maps/2/WaterYear_AC3_D1_coass-16O-0-7_2_18O_mapped.sort.bam, results/maps/3/WaterYear_AC3_D1_coass-16O-0-7_3_18O_mapped.sort.bam, results/maps/4/WaterYear_AC3_D1_coass-16O-0-7_4_16O_mapped.sort.bam
    threads: 10000
    resources: mem_mb=847375, mem_mib=808120, disk_mb=847375, disk_mib=808120, tmpdir=<TBD>, partition=standard

Submitted job 181 with external jobid 'Submitted batch job 220459'.
[Sat Nov 18 09:30:57 2023]
Error in rule get_count_table:
    jobid: 181
    input: results/maps/t0/WaterYear_AC3_D1_coass-16O-0-7_t0_mapped.sort.bam, results/maps/t0/WaterYear_AC3_D3_coass-16O-0-7_t0_mapped.sort.bam, results/maps/t0/WaterYear_AC3_D5_coass-16O-0-7_t0_mapped.sort.bam, results/maps/t0/WaterYear_AC4_D1_coass-16O-0-7_t0_mapped.sort.bam, results/maps/t0/WaterYear_AC4_D3_coass-16O-0-7_t0_mapped.sort.bam, results/maps/t0/WaterYear_AC4_D5_coass-16O-0-7_t0_mapped.sort.bam, results/maps/t0/WaterYear_AC5_D1_coass-16O-0-7_t0_mapped.sort.bam, results/maps/t0/WaterYear_AC5_D3_coass-16O-0-7_t0_mapped.sort.bam, results/maps/t0/WaterYear_AC5_D5_coass-16O-0-7_t0_mapped.sort.bam, results/maps/t0/WaterYear_AC7_D1_coass-16O-0-7_t0_mapped.sort.bam, results/maps/t0/WaterYear_AC7_D3_coass-16O-0-7_t0_mapped.sort.bam, results/maps/t0/WaterYear_AC7_D5_coass-16O-0-7_t0_mapped.sort.bam, results/maps/t0/WaterYear_AC9_D3_coass-16O-0-7_t0_mapped.sort.bam, results/maps/t0/WaterYear_AC9_D5_coass-16O-0-7_t0_mapped.sort.bam, results/maps/t0/WaterYear_AC9_D1_coass-16O-0-7_t0_mapped.sort.bam, results/maps/1/WaterYear_AC3_D1_coass-16O-0-7_1_16O_mapped.sort.bam, results/maps/1/WaterYear_AC3_D1_coass-16O-0-7_1_16O_mapped.sort.bam, results/maps/2/WaterYear_AC3_D1_coass-16O-0-7_2_16O_mapped.sort.bam, results/maps/2/WaterYear_AC3_D1_coass-16O-0-7_2_16O_mapped.sort.bam, results/maps/3/WaterYear_AC3_D1_coass-16O-0-7_3_16O_mapped.sort.bam, results/maps/3/WaterYear_AC3_D1_coass-16O-0-7_3_16O_mapped.sort.bam, results/maps/4/WaterYear_AC3_D1_coass-16O-0-7_4_16O_mapped.sort.bam, results/maps/4/WaterYear_AC3_D1_coass-16O-0-7_4_16O_mapped.sort.bam, results/maps/5/WaterYear_AC3_D1_coass-16O-0-7_5_16O_mapped.sort.bam, results/maps/5/WaterYear_AC3_D1_coass-16O-0-7_5_16O_mapped.sort.bam, results/maps/1/WaterYear_AC3_D1_coass-16O-0-7_1_18O_mapped.sort.bam, results/maps/1/WaterYear_AC3_D1_coass-16O-0-7_1_18O_mapped.sort.bam, results/maps/2/WaterYear_AC3_D1_coass-16O-0-7_2_18O_mapped.sort.bam, results/maps/2/WaterYear_AC3_D1_coass-16O-0-7_2_18O_mapped.sort.bam, results/maps/3/WaterYear_AC3_D1_coass-16O-0-7_3_18O_mapped.sort.bam, results/maps/3/WaterYear_AC3_D1_coass-16O-0-7_3_18O_mapped.sort.bam, results/maps/4/WaterYear_AC3_D1_coass-16O-0-7_4_18O_mapped.sort.bam, results/maps/4/WaterYear_AC3_D1_coass-16O-0-7_4_18O_mapped.sort.bam, results/maps/5/WaterYear_AC3_D1_coass-16O-0-7_5_18O_mapped.sort.bam, results/maps/5/WaterYear_AC3_D1_coass-16O-0-7_5_18O_mapped.sort.bam, results/maps/1/WaterYear_AC3_D3_coass-16O-0-7_1_16O_mapped.sort.bam, results/maps/1/WaterYear_AC3_D3_coass-16O-0-7_1_16O_mapped.sort.bam, results/maps/2/WaterYear_AC3_D3_coass-16O-0-7_2_16O_mapped.sort.bam, results/maps/2/WaterYear_AC3_D3_coass-16O-0-7_2_16O_mapped.sort.bam, results/maps/3/WaterYear_AC3_D3_coass-16O-0-7_3_16O_mapped.sort.bam, results/maps/3/WaterYear_AC3_D3_coass-16O-0-7_3_16O_mapped.sort.bam, results/maps/4/WaterYear_AC3_D3_coass-16O-0-7_4_16O_mapped.sort.bam, results/maps/4/WaterYear_AC3_D3_coass-16O-0-7_4_16O_mapped.sort.bam, results/maps/5/WaterYear_AC3_D3_coass-16O-0-7_5_16O_mapped.sort.bam, results/maps/5/WaterYear_AC3_D3_coass-16O-0-7_5_16O_mapped.sort.bam, results/maps/1/WaterYear_AC3_D3_coass-16O-0-7_1_18O_mapped.sort.bam, results/maps/1/WaterYear_AC3_D3_coass-16O-0-7_1_18O_mapped.sort.bam, results/maps/2/WaterYear_AC3_D3_coass-16O-0-7_2_18O_mapped.sort.bam, results/maps/2/WaterYear_AC3_D3_coass-16O-0-7_2_18O_mapped.sort.bam, results/maps/3/WaterYear_AC3_D3_coass-16O-0-7_3_18O_mapped.sort.bam, results/maps/3/WaterYear_AC3_D3_coass-16O-0-7_3_18O_mapped.sort.bam, results/maps/4/WaterYear_AC3_D3_coass-16O-0-7_4_18O_mapped.sort.bam, results/maps/4/WaterYear_AC3_D3_coass-16O-0-7_4_18O_mapped.sort.bam, results/maps/5/WaterYear_AC3_D3_coass-16O-0-7_5_18O_mapped.sort.bam, results/maps/5/WaterYear_AC3_D3_coass-16O-0-7_5_18O_mapped.sort.bam, results/maps/1/WaterYear_AC3_D5_coass-16O-0-7_1_16O_mapped.sort.bam, results/maps/1/WaterYear_AC3_D5_coass-16O-0-7_1_16O_mapped.sort.bam, results/maps/2/WaterYear_AC3_D5_coass-16O-0-7_2_16O_mapped.sort.bam, results/maps/2/WaterYear_AC3_D5_coass-16O-0-7_2_16O_mapped.sort.bam, results/maps/3/WaterYear_AC3_D5_coass-16O-0-7_3_16O_mapped.sort.bam, results/maps/3/WaterYear_AC3_D5_coass-16O-0-7_3_16O_mapped.sort.bam, results/maps/4/WaterYear_AC3_D5_coass-16O-0-7_4_16O_mapped.sort.bam, results/maps/4/WaterYear_AC3_D5_coass-16O-0-7_4_16O_mapped.sort.bam, results/maps/5/WaterYear_AC3_D5_coass-16O-0-7_5_16O_mapped.sort.bam, results/maps/5/WaterYear_AC3_D5_coass-16O-0-7_5_16O_mapped.sort.bam, results/maps/1/WaterYear_AC3_D5_coass-16O-0-7_1_18O_mapped.sort.bam, results/maps/1/WaterYear_AC3_D5_coass-16O-0-7_1_18O_mapped.sort.bam, results/maps/2/WaterYear_AC3_D5_coass-16O-0-7_2_18O_mapped.sort.bam, results/maps/2/WaterYear_AC3_D5_coass-16O-0-7_2_18O_mapped.sort.bam, results/maps/3/WaterYear_AC3_D5_coass-16O-0-7_3_18O_mapped.sort.bam, results/maps/3/WaterYear_AC3_D5_coass-16O-0-7_3_18O_mapped.sort.bam, results/maps/4/WaterYear_AC3_D5_coass-16O-0-7_4_18O_mapped.sort.bam, results/maps/4/WaterYear_AC3_D5_coass-16O-0-7_4_18O_mapped.sort.bam, results/maps/5/WaterYear_AC3_D5_coass-16O-0-7_5_18O_mapped.sort.bam, results/maps/5/WaterYear_AC3_D5_coass-16O-0-7_5_18O_mapped.sort.bam, results/maps/1/WaterYear_AC4_D1_coass-16O-0-7_1_16O_mapped.sort.bam, results/maps/1/WaterYear_AC4_D1_coass-16O-0-7_1_16O_mapped.sort.bam, results/maps/2/WaterYear_AC4_D1_coass-16O-0-7_2_16O_mapped.sort.bam, results/maps/2/WaterYear_AC4_D1_coass-16O-0-7_2_16O_mapped.sort.bam, results/maps/3/WaterYear_AC4_D1_coass-16O-0-7_3_16O_mapped.sort.bam, results/maps/3/WaterYear_AC4_D1_coass-16O-0-7_3_16O_mapped.sort.bam, results/maps/4/WaterYear_AC4_D1_coass-16O-0-7_4_16O_mapped.sort.bam, results/maps/4/WaterYear_AC4_D1_coass-16O-0-7_4_16O_mapped.sort.bam, results/maps/5/WaterYear_AC4_D1_coass-16O-0-7_5_16O_mapped.sort.bam, results/maps/5/WaterYear_AC4_D1_coass-16O-0-7_5_16O_mapped.sort.bam, results/maps/1/WaterYear_AC4_D1_coass-16O-0-7_1_18O_mapped.sort.bam, results/maps/1/WaterYear_AC4_D1_coass-16O-0-7_1_18O_mapped.sort.bam, results/maps/2/WaterYear_AC4_D1_coass-16O-0-7_2_18O_mapped.sort.bam, results/maps/2/WaterYear_AC4_D1_coass-16O-0-7_2_18O_mapped.sort.bam, results/maps/3/WaterYear_AC4_D1_coass-16O-0-7_3_18O_mapped.sort.bam, results/maps/3/WaterYear_AC4_D1_coass-16O-0-7_3_18O_mapped.sort.bam, results/maps/4/WaterYear_AC4_D1_coass-16O-0-7_4_18O_mapped.sort.bam, results/maps/4/WaterYear_AC4_D1_coass-16O-0-7_4_18O_mapped.sort.bam, results/maps/5/WaterYear_AC4_D1_coass-16O-0-7_5_18O_mapped.sort.bam, results/maps/5/WaterYear_AC4_D1_coass-16O-0-7_5_18O_mapped.sort.bam, results/maps/1/WaterYear_AC4_D3_coass-16O-0-7_1_16O_mapped.sort.bam, results/maps/1/WaterYear_AC4_D3_coass-16O-0-7_1_16O_mapped.sort.bam, results/maps/2/WaterYear_AC4_D3_coass-16O-0-7_2_16O_mapped.sort.bam, results/maps/2/WaterYear_AC4_D3_coass-16O-0-7_2_16O_mapped.sort.bam, results/maps/3/WaterYear_AC4_D3_coass-16O-0-7_3_16O_mapped.sort.bam, results/maps/3/WaterYear_AC4_D3_coass-16O-0-7_3_16O_mapped.sort.bam, results/maps/4/WaterYear_AC4_D3_coass-16O-0-7_4_16O_mapped.sort.bam, results/maps/4/WaterYear_AC4_D3_coass-16O-0-7_4_16O_mapped.sort.bam, results/maps/5/WaterYear_AC4_D3_coass-16O-0-7_5_16O_mapped.sort.bam, results/maps/5/WaterYear_AC4_D3_coass-16O-0-7_5_16O_mapped.sort.bam, results/maps/1/WaterYear_AC4_D3_coass-16O-0-7_1_18O_mapped.sort.bam, results/maps/1/WaterYear_AC4_D3_coass-16O-0-7_1_18O_mapped.sort.bam, results/maps/2/WaterYear_AC4_D3_coass-16O-0-7_2_18O_mapped.sort.bam, results/maps/2/WaterYear_AC4_D3_coass-16O-0-7_2_18O_mapped.sort.bam, results/maps/3/WaterYear_AC4_D3_coass-16O-0-7_3_18O_mapped.sort.bam, results/maps/3/WaterYear_AC4_D3_coass-16O-0-7_3_18O_mapped.sort.bam, results/maps/4/WaterYear_AC4_D3_coass-16O-0-7_4_18O_mapped.sort.bam, results/maps/4/WaterYear_AC4_D3_coass-16O-0-7_4_18O_mapped.sort.bam, results/maps/5/WaterYear_AC4_D3_coass-16O-0-7_5_18O_mapped.sort.bam, results/maps/5/WaterYear_AC4_D3_coass-16O-0-7_5_18O_mapped.sort.bam, results/maps/1/WaterYear_AC4_D5_coass-16O-0-7_1_16O_mapped.sort.bam, results/maps/1/WaterYear_AC4_D5_coass-16O-0-7_1_16O_mapped.sort.bam, results/maps/2/WaterYear_AC4_D5_coass-16O-0-7_2_16O_mapped.sort.bam, results/maps/2/WaterYear_AC4_D5_coass-16O-0-7_2_16O_mapped.sort.bam, results/maps/3/WaterYear_AC4_D5_coass-16O-0-7_3_16O_mapped.sort.bam, results/maps/3/WaterYear_AC4_D5_coass-16O-0-7_3_16O_mapped.sort.bam, results/maps/4/WaterYear_AC4_D5_coass-16O-0-7_4_16O_mapped.sort.bam, results/maps/4/WaterYear_AC4_D5_coass-16O-0-7_4_16O_mapped.sort.bam, results/maps/5/WaterYear_AC4_D5_coass-16O-0-7_5_16O_mapped.sort.bam, results/maps/5/WaterYear_AC4_D5_coass-16O-0-7_5_16O_mapped.sort.bam, results/maps/1/WaterYear_AC4_D5_coass-16O-0-7_1_18O_mapped.sort.bam, results/maps/1/WaterYear_AC4_D5_coass-16O-0-7_1_18O_mapped.sort.bam, results/maps/2/WaterYear_AC4_D5_coass-16O-0-7_2_18O_mapped.sort.bam, results/maps/2/WaterYear_AC4_D5_coass-16O-0-7_2_18O_mapped.sort.bam, results/maps/3/WaterYear_AC4_D5_coass-16O-0-7_3_18O_mapped.sort.bam, results/maps/3/WaterYear_AC4_D5_coass-16O-0-7_3_18O_mapped.sort.bam, results/maps/4/WaterYear_AC4_D5_coass-16O-0-7_4_18O_mapped.sort.bam, results/maps/4/WaterYear_AC4_D5_coass-16O-0-7_4_18O_mapped.sort.bam, results/maps/5/WaterYear_AC4_D5_coass-16O-0-7_5_18O_mapped.sort.bam, results/maps/5/WaterYear_AC4_D5_coass-16O-0-7_5_18O_mapped.sort.bam, results/maps/1/WaterYear_AC5_D1_coass-16O-0-7_1_16O_mapped.sort.bam, results/maps/1/WaterYear_AC5_D1_coass-16O-0-7_1_16O_mapped.sort.bam, results/maps/2/WaterYear_AC5_D1_coass-16O-0-7_2_16O_mapped.sort.bam, results/maps/2/WaterYear_AC5_D1_coass-16O-0-7_2_16O_mapped.sort.bam, results/maps/3/WaterYear_AC5_D1_coass-16O-0-7_3_16O_mapped.sort.bam, results/maps/3/WaterYear_AC5_D1_coass-16O-0-7_3_16O_mapped.sort.bam, results/maps/4/WaterYear_AC5_D1_coass-16O-0-7_4_16O_mapped.sort.bam, results/maps/4/WaterYear_AC5_D1_coass-16O-0-7_4_16O_mapped.sort.bam, results/maps/5/WaterYear_AC5_D1_coass-16O-0-7_5_16O_mapped.sort.bam, results/maps/5/WaterYear_AC5_D1_coass-16O-0-7_5_16O_mapped.sort.bam, results/maps/1/WaterYear_AC5_D1_coass-16O-0-7_1_18O_mapped.sort.bam, results/maps/1/WaterYear_AC5_D1_coass-16O-0-7_1_18O_mapped.sort.bam, results/maps/2/WaterYear_AC5_D1_coass-16O-0-7_2_18O_mapped.sort.bam, results/maps/2/WaterYear_AC5_D1_coass-16O-0-7_2_18O_mapped.sort.bam, results/maps/3/WaterYear_AC5_D1_coass-16O-0-7_3_18O_mapped.sort.bam, results/maps/3/WaterYear_AC5_D1_coass-16O-0-7_3_18O_mapped.sort.bam, results/maps/4/WaterYear_AC5_D1_coass-16O-0-7_4_18O_mapped.sort.bam, results/maps/4/WaterYear_AC5_D1_coass-16O-0-7_4_18O_mapped.sort.bam, results/maps/5/WaterYear_AC5_D1_coass-16O-0-7_5_18O_mapped.sort.bam, results/maps/5/WaterYear_AC5_D1_coass-16O-0-7_5_18O_mapped.sort.bam, results/maps/1/WaterYear_AC5_D3_coass-16O-0-7_1_16O_mapped.sort.bam, results/maps/1/WaterYear_AC5_D3_coass-16O-0-7_1_16O_mapped.sort.bam, results/maps/2/WaterYear_AC5_D3_coass-16O-0-7_2_16O_mapped.sort.bam, results/maps/2/WaterYear_AC5_D3_coass-16O-0-7_2_16O_mapped.sort.bam, results/maps/3/WaterYear_AC5_D3_coass-16O-0-7_3_16O_mapped.sort.bam, results/maps/3/WaterYear_AC5_D3_coass-16O-0-7_3_16O_mapped.sort.bam, results/maps/4/WaterYear_AC5_D3_coass-16O-0-7_4_16O_mapped.sort.bam, results/maps/4/WaterYear_AC5_D3_coass-16O-0-7_4_16O_mapped.sort.bam, results/maps/5/WaterYear_AC5_D3_coass-16O-0-7_5_16O_mapped.sort.bam, results/maps/5/WaterYear_AC5_D3_coass-16O-0-7_5_16O_mapped.sort.bam, results/maps/1/WaterYear_AC5_D3_coass-16O-0-7_1_18O_mapped.sort.bam, results/maps/1/WaterYear_AC5_D3_coass-16O-0-7_1_18O_mapped.sort.bam, results/maps/2/WaterYear_AC5_D3_coass-16O-0-7_2_18O_mapped.sort.bam, results/maps/2/WaterYear_AC5_D3_coass-16O-0-7_2_18O_mapped.sort.bam, results/maps/3/WaterYear_AC5_D3_coass-16O-0-7_3_18O_mapped.sort.bam, results/maps/3/WaterYear_AC5_D3_coass-16O-0-7_3_18O_mapped.sort.bam, results/maps/4/WaterYear_AC5_D3_coass-16O-0-7_4_18O_mapped.sort.bam, results/maps/4/WaterYear_AC5_D3_coass-16O-0-7_4_18O_mapped.sort.bam, results/maps/5/WaterYear_AC5_D3_coass-16O-0-7_5_18O_mapped.sort.bam, results/maps/5/WaterYear_AC5_D3_coass-16O-0-7_5_18O_mapped.sort.bam, results/maps/1/WaterYear_AC5_D5_coass-16O-0-7_1_16O_mapped.sort.bam, results/maps/1/WaterYear_AC5_D5_coass-16O-0-7_1_16O_mapped.sort.bam, results/maps/2/WaterYear_AC5_D5_coass-16O-0-7_2_16O_mapped.sort.bam, results/maps/2/WaterYear_AC5_D5_coass-16O-0-7_2_16O_mapped.sort.bam, results/maps/3/WaterYear_AC5_D5_coass-16O-0-7_3_16O_mapped.sort.bam, results/maps/3/WaterYear_AC5_D5_coass-16O-0-7_3_16O_mapped.sort.bam, results/maps/4/WaterYear_AC5_D5_coass-16O-0-7_4_16O_mapped.sort.bam, results/maps/4/WaterYear_AC5_D5_coass-16O-0-7_4_16O_mapped.sort.bam, results/maps/5/WaterYear_AC5_D5_coass-16O-0-7_5_16O_mapped.sort.bam, results/maps/5/WaterYear_AC5_D5_coass-16O-0-7_5_16O_mapped.sort.bam, results/maps/1/WaterYear_AC5_D5_coass-16O-0-7_1_18O_mapped.sort.bam, results/maps/1/WaterYear_AC5_D5_coass-16O-0-7_1_18O_mapped.sort.bam, results/maps/2/WaterYear_AC5_D5_coass-16O-0-7_2_18O_mapped.sort.bam, results/maps/2/WaterYear_AC5_D5_coass-16O-0-7_2_18O_mapped.sort.bam, results/maps/3/WaterYear_AC5_D5_coass-16O-0-7_3_18O_mapped.sort.bam, results/maps/3/WaterYear_AC5_D5_coass-16O-0-7_3_18O_mapped.sort.bam, results/maps/4/WaterYear_AC5_D5_coass-16O-0-7_4_18O_mapped.sort.bam, results/maps/4/WaterYear_AC5_D5_coass-16O-0-7_4_18O_mapped.sort.bam, results/maps/5/WaterYear_AC5_D5_coass-16O-0-7_5_18O_mapped.sort.bam, results/maps/5/WaterYear_AC5_D5_coass-16O-0-7_5_18O_mapped.sort.bam, results/maps/1/WaterYear_AC7_D1_coass-16O-0-7_1_16O_mapped.sort.bam, results/maps/1/WaterYear_AC7_D1_coass-16O-0-7_1_16O_mapped.sort.bam, results/maps/2/WaterYear_AC7_D1_coass-16O-0-7_2_16O_mapped.sort.bam, results/maps/2/WaterYear_AC7_D1_coass-16O-0-7_2_16O_mapped.sort.bam, results/maps/3/WaterYear_AC7_D1_coass-16O-0-7_3_16O_mapped.sort.bam, results/maps/3/WaterYear_AC7_D1_coass-16O-0-7_3_16O_mapped.sort.bam, results/maps/4/WaterYear_AC7_D1_coass-16O-0-7_4_16O_mapped.sort.bam, results/maps/4/WaterYear_AC7_D1_coass-16O-0-7_4_16O_mapped.sort.bam, results/maps/5/WaterYear_AC7_D1_coass-16O-0-7_5_16O_mapped.sort.bam, results/maps/5/WaterYear_AC7_D1_coass-16O-0-7_5_16O_mapped.sort.bam, results/maps/1/WaterYear_AC7_D1_coass-16O-0-7_1_18O_mapped.sort.bam, results/maps/1/WaterYear_AC7_D1_coass-16O-0-7_1_18O_mapped.sort.bam, results/maps/2/WaterYear_AC7_D1_coass-16O-0-7_2_18O_mapped.sort.bam, results/maps/2/WaterYear_AC7_D1_coass-16O-0-7_2_18O_mapped.sort.bam, results/maps/3/WaterYear_AC7_D1_coass-16O-0-7_3_18O_mapped.sort.bam, results/maps/3/WaterYear_AC7_D1_coass-16O-0-7_3_18O_mapped.sort.bam, results/maps/4/WaterYear_AC7_D1_coass-16O-0-7_4_18O_mapped.sort.bam, results/maps/4/WaterYear_AC7_D1_coass-16O-0-7_4_18O_mapped.sort.bam, results/maps/5/WaterYear_AC7_D1_coass-16O-0-7_5_18O_mapped.sort.bam, results/maps/5/WaterYear_AC7_D1_coass-16O-0-7_5_18O_mapped.sort.bam, results/maps/1/WaterYear_AC7_D3_coass-16O-0-7_1_16O_mapped.sort.bam, results/maps/1/WaterYear_AC7_D3_coass-16O-0-7_1_16O_mapped.sort.bam, results/maps/2/WaterYear_AC7_D3_coass-16O-0-7_2_16O_mapped.sort.bam, results/maps/2/WaterYear_AC7_D3_coass-16O-0-7_2_16O_mapped.sort.bam, results/maps/3/WaterYear_AC7_D3_coass-16O-0-7_3_16O_mapped.sort.bam, results/maps/3/WaterYear_AC7_D3_coass-16O-0-7_3_16O_mapped.sort.bam, results/maps/4/WaterYear_AC7_D3_coass-16O-0-7_4_16O_mapped.sort.bam, results/maps/4/WaterYear_AC7_D3_coass-16O-0-7_4_16O_mapped.sort.bam, results/maps/5/WaterYear_AC7_D3_coass-16O-0-7_5_16O_mapped.sort.bam, results/maps/5/WaterYear_AC7_D3_coass-16O-0-7_5_16O_mapped.sort.bam, results/maps/1/WaterYear_AC7_D3_coass-16O-0-7_1_18O_mapped.sort.bam, results/maps/1/WaterYear_AC7_D3_coass-16O-0-7_1_18O_mapped.sort.bam, results/maps/2/WaterYear_AC7_D3_coass-16O-0-7_2_18O_mapped.sort.bam, results/maps/2/WaterYear_AC7_D3_coass-16O-0-7_2_18O_mapped.sort.bam, results/maps/3/WaterYear_AC7_D3_coass-16O-0-7_3_18O_mapped.sort.bam, results/maps/3/WaterYear_AC7_D3_coass-16O-0-7_3_18O_mapped.sort.bam, results/maps/4/WaterYear_AC7_D3_coass-16O-0-7_4_18O_mapped.sort.bam, results/maps/4/WaterYear_AC7_D3_coass-16O-0-7_4_18O_mapped.sort.bam, results/maps/5/WaterYear_AC7_D3_coass-16O-0-7_5_18O_mapped.sort.bam, results/maps/5/WaterYear_AC7_D3_coass-16O-0-7_5_18O_mapped.sort.bam, results/maps/1/WaterYear_AC7_D5_coass-16O-0-7_1_16O_mapped.sort.bam, results/maps/1/WaterYear_AC7_D5_coass-16O-0-7_1_16O_mapped.sort.bam, results/maps/2/WaterYear_AC7_D5_coass-16O-0-7_2_16O_mapped.sort.bam, results/maps/2/WaterYear_AC7_D5_coass-16O-0-7_2_16O_mapped.sort.bam, results/maps/3/WaterYear_AC7_D5_coass-16O-0-7_3_16O_mapped.sort.bam, results/maps/3/WaterYear_AC7_D5_coass-16O-0-7_3_16O_mapped.sort.bam, results/maps/4/WaterYear_AC7_D5_coass-16O-0-7_4_16O_mapped.sort.bam, results/maps/4/WaterYear_AC7_D5_coass-16O-0-7_4_16O_mapped.sort.bam, results/maps/5/WaterYear_AC7_D5_coass-16O-0-7_5_16O_mapped.sort.bam, results/maps/5/WaterYear_AC7_D5_coass-16O-0-7_5_16O_mapped.sort.bam, results/maps/1/WaterYear_AC7_D5_coass-16O-0-7_1_18O_mapped.sort.bam, results/maps/1/WaterYear_AC7_D5_coass-16O-0-7_1_18O_mapped.sort.bam, results/maps/2/WaterYear_AC7_D5_coass-16O-0-7_2_18O_mapped.sort.bam, results/maps/2/WaterYear_AC7_D5_coass-16O-0-7_2_18O_mapped.sort.bam, results/maps/3/WaterYear_AC7_D5_coass-16O-0-7_3_18O_mapped.sort.bam, results/maps/3/WaterYear_AC7_D5_coass-16O-0-7_3_18O_mapped.sort.bam, results/maps/4/WaterYear_AC7_D5_coass-16O-0-7_4_18O_mapped.sort.bam, results/maps/4/WaterYear_AC7_D5_coass-16O-0-7_4_18O_mapped.sort.bam, results/maps/5/WaterYear_AC7_D5_coass-16O-0-7_5_18O_mapped.sort.bam, results/maps/5/WaterYear_AC7_D5_coass-16O-0-7_5_18O_mapped.sort.bam, results/maps/1/WaterYear_AC9_D3_coass-16O-0-7_1_16O_mapped.sort.bam, results/maps/1/WaterYear_AC9_D3_coass-16O-0-7_1_16O_mapped.sort.bam, results/maps/2/WaterYear_AC9_D3_coass-16O-0-7_2_16O_mapped.sort.bam, results/maps/2/WaterYear_AC9_D3_coass-16O-0-7_2_16O_mapped.sort.bam, results/maps/3/WaterYear_AC9_D3_coass-16O-0-7_3_16O_mapped.sort.bam, results/maps/3/WaterYear_AC9_D3_coass-16O-0-7_3_16O_mapped.sort.bam, results/maps/4/WaterYear_AC9_D3_coass-16O-0-7_4_16O_mapped.sort.bam, results/maps/4/WaterYear_AC9_D3_coass-16O-0-7_4_16O_mapped.sort.bam, results/maps/5/WaterYear_AC9_D3_coass-16O-0-7_5_16O_mapped.sort.bam, results/maps/5/WaterYear_AC9_D3_coass-16O-0-7_5_16O_mapped.sort.bam, results/maps/1/WaterYear_AC9_D3_coass-16O-0-7_1_18O_mapped.sort.bam, results/maps/1/WaterYear_AC9_D3_coass-16O-0-7_1_18O_mapped.sort.bam, results/maps/2/WaterYear_AC9_D3_coass-16O-0-7_2_18O_mapped.sort.bam, results/maps/2/WaterYear_AC9_D3_coass-16O-0-7_2_18O_mapped.sort.bam, results/maps/3/WaterYear_AC9_D3_coass-16O-0-7_3_18O_mapped.sort.bam, results/maps/3/WaterYear_AC9_D3_coass-16O-0-7_3_18O_mapped.sort.bam, results/maps/4/WaterYear_AC9_D3_coass-16O-0-7_4_18O_mapped.sort.bam, results/maps/4/WaterYear_AC9_D3_coass-16O-0-7_4_18O_mapped.sort.bam, results/maps/5/WaterYear_AC9_D3_coass-16O-0-7_5_18O_mapped.sort.bam, results/maps/5/WaterYear_AC9_D3_coass-16O-0-7_5_18O_mapped.sort.bam, results/maps/1/WaterYear_AC9_D5_coass-16O-0-7_1_16O_mapped.sort.bam, results/maps/1/WaterYear_AC9_D5_coass-16O-0-7_1_16O_mapped.sort.bam, results/maps/2/WaterYear_AC9_D5_coass-16O-0-7_2_16O_mapped.sort.bam, results/maps/2/WaterYear_AC9_D5_coass-16O-0-7_2_16O_mapped.sort.bam, results/maps/3/WaterYear_AC9_D5_coass-16O-0-7_3_16O_mapped.sort.bam, results/maps/3/WaterYear_AC9_D5_coass-16O-0-7_3_16O_mapped.sort.bam, results/maps/4/WaterYear_AC9_D5_coass-16O-0-7_4_16O_mapped.sort.bam, results/maps/4/WaterYear_AC9_D5_coass-16O-0-7_4_16O_mapped.sort.bam, results/maps/5/WaterYear_AC9_D5_coass-16O-0-7_5_16O_mapped.sort.bam, results/maps/5/WaterYear_AC9_D5_coass-16O-0-7_5_16O_mapped.sort.bam, results/maps/1/WaterYear_AC9_D5_coass-16O-0-7_1_18O_mapped.sort.bam, results/maps/1/WaterYear_AC9_D5_coass-16O-0-7_1_18O_mapped.sort.bam, results/maps/2/WaterYear_AC9_D5_coass-16O-0-7_2_18O_mapped.sort.bam, results/maps/2/WaterYear_AC9_D5_coass-16O-0-7_2_18O_mapped.sort.bam, results/maps/3/WaterYear_AC9_D5_coass-16O-0-7_3_18O_mapped.sort.bam, results/maps/3/WaterYear_AC9_D5_coass-16O-0-7_3_18O_mapped.sort.bam, results/maps/4/WaterYear_AC9_D5_coass-16O-0-7_4_18O_mapped.sort.bam, results/maps/4/WaterYear_AC9_D5_coass-16O-0-7_4_18O_mapped.sort.bam, results/maps/5/WaterYear_AC9_D5_coass-16O-0-7_5_18O_mapped.sort.bam, results/maps/5/WaterYear_AC9_D5_coass-16O-0-7_5_18O_mapped.sort.bam, results/maps/1/WaterYear_AC9_D1_coass-16O-0-7_1_16O_mapped.sort.bam, results/maps/1/WaterYear_AC9_D1_coass-16O-0-7_1_16O_mapped.sort.bam, results/maps/2/WaterYear_AC9_D1_coass-16O-0-7_2_16O_mapped.sort.bam, results/maps/2/WaterYear_AC9_D1_coass-16O-0-7_2_16O_mapped.sort.bam, results/maps/3/WaterYear_AC9_D1_coass-16O-0-7_3_16O_mapped.sort.bam, results/maps/3/WaterYear_AC9_D1_coass-16O-0-7_3_16O_mapped.sort.bam, results/maps/4/WaterYear_AC9_D1_coass-16O-0-7_4_16O_mapped.sort.bam, results/maps/4/WaterYear_AC9_D1_coass-16O-0-7_4_16O_mapped.sort.bam, results/maps/5/WaterYear_AC9_D1_coass-16O-0-7_5_16O_mapped.sort.bam, results/maps/5/WaterYear_AC9_D1_coass-16O-0-7_5_16O_mapped.sort.bam, results/maps/1/WaterYear_AC9_D1_coass-16O-0-7_1_18O_mapped.sort.bam, results/maps/1/WaterYear_AC9_D1_coass-16O-0-7_1_18O_mapped.sort.bam, results/maps/2/WaterYear_AC9_D1_coass-16O-0-7_2_18O_mapped.sort.bam, results/maps/2/WaterYear_AC9_D1_coass-16O-0-7_2_18O_mapped.sort.bam, results/maps/3/WaterYear_AC9_D1_coass-16O-0-7_3_18O_mapped.sort.bam, results/maps/3/WaterYear_AC9_D1_coass-16O-0-7_3_18O_mapped.sort.bam, results/maps/4/WaterYear_AC9_D1_coass-16O-0-7_4_18O_mapped.sort.bam, results/maps/4/WaterYear_AC9_D1_coass-16O-0-7_4_18O_mapped.sort.bam, results/maps/5/WaterYear_AC9_D1_coass-16O-0-7_5_18O_mapped.sort.bam, results/maps/5/WaterYear_AC9_D1_coass-16O-0-7_5_18O_mapped.sort.bam
    output: results/count_table.tsv
    shell:
        
        coverm contig         --bam-files results/maps/t0/WaterYear_AC3_D1_coass-16O-0-7_t0_mapped.sort.bam results/maps/t0/WaterYear_AC3_D3_coass-16O-0-7_t0_mapped.sort.bam results/maps/t0/WaterYear_AC3_D5_coass-16O-0-7_t0_mapped.sort.bam results/maps/t0/WaterYear_AC4_D1_coass-16O-0-7_t0_mapped.sort.bam results/maps/t0/WaterYear_AC4_D3_coass-16O-0-7_t0_mapped.sort.bam results/maps/t0/WaterYear_AC4_D5_coass-16O-0-7_t0_mapped.sort.bam results/maps/t0/WaterYear_AC5_D1_coass-16O-0-7_t0_mapped.sort.bam results/maps/t0/WaterYear_AC5_D3_coass-16O-0-7_t0_mapped.sort.bam results/maps/t0/WaterYear_AC5_D5_coass-16O-0-7_t0_mapped.sort.bam results/maps/t0/WaterYear_AC7_D1_coass-16O-0-7_t0_mapped.sort.bam results/maps/t0/WaterYear_AC7_D3_coass-16O-0-7_t0_mapped.sort.bam results/maps/t0/WaterYear_AC7_D5_coass-16O-0-7_t0_mapped.sort.bam results/maps/t0/WaterYear_AC9_D3_coass-16O-0-7_t0_mapped.sort.bam results/maps/t0/WaterYear_AC9_D5_coass-16O-0-7_t0_mapped.sort.bam results/maps/t0/WaterYear_AC9_D1_coass-16O-0-7_t0_mapped.sort.bam results/maps/1/WaterYear_AC3_D1_coass-16O-0-7_1_16O_mapped.sort.bam results/maps/1/WaterYear_AC3_D1_coass-16O-0-7_1_16O_mapped.sort.bam results/maps/2/WaterYear_AC3_D1_coass-16O-0-7_2_16O_mapped.sort.bam results/maps/2/WaterYear_AC3_D1_coass-16O-0-7_2_16O_mapped.sort.bam results/maps/3/WaterYear_AC3_D1_coass-16O-0-7_3_16O_mapped.sort.bam results/maps/3/WaterYear_AC3_D1_coass-16O-0-7_3_16O_mapped.sort.bam results/maps/4/WaterYear_AC3_D1_coass-16O-0-7_4_16O_mapped.sort.bam results/maps/4/WaterYear_AC3_D1_coass-16O-0-7_4_16O_mapped.sort.bam results/maps/5/WaterYear_AC3_D1_coass-16O-0-7_5_16O_mapped.sort.bam results/maps/5/WaterYear_AC3_D1_coass-16O-0-7_5_16O_mapped.sort.bam results/maps/1/WaterYear_AC3_D1_coass-16O-0-7_1_18O_mapped.sort.bam results/maps/1/WaterYear_AC3_D1_coass-16O-0-7_1_18O_mapped.sort.bam results/maps/2/WaterYear_AC3_D1_coass-16O-0-7_2_18O_mapped.sort.bam results/maps/2/WaterYear_AC3_D1_coass-16O-0-7_2_18O_mapped.sort.bam results/maps/3/WaterYear_AC3_D1_coass-16O-0-7_3_18O_mapped.sort.bam results/maps/3/WaterYear_AC3_D1_coass-16O-0-7_3_18O_mapped.sort.bam results/maps/4/WaterYear_AC3_D1_coass-16O-0-7_4_18O_mapped.sort.bam results/maps/4/WaterYear_AC3_D1_coass-16O-0-7_4_18O_mapped.sort.bam results/maps/5/WaterYear_AC3_D1_coass-16O-0-7_5_18O_mapped.sort.bam results/maps/5/WaterYear_AC3_D1_coass-16O-0-7_5_18O_mapped.sort.bam results/maps/1/WaterYear_AC3_D3_coass-16O-0-7_1_16O_mapped.sort.bam results/maps/1/WaterYear_AC3_D3_coass-16O-0-7_1_16O_mapped.sort.bam results/maps/2/WaterYear_AC3_D3_coass-16O-0-7_2_16O_mapped.sort.bam results/maps/2/WaterYear_AC3_D3_coass-16O-0-7_2_16O_mapped.sort.bam results/maps/3/WaterYear_AC3_D3_coass-16O-0-7_3_16O_mapped.sort.bam results/maps/3/WaterYear_AC3_D3_coass-16O-0-7_3_16O_mapped.sort.bam results/maps/4/WaterYear_AC3_D3_coass-16O-0-7_4_16O_mapped.sort.bam results/maps/4/WaterYear_AC3_D3_coass-16O-0-7_4_16O_mapped.sort.bam results/maps/5/WaterYear_AC3_D3_coass-16O-0-7_5_16O_mapped.sort.bam results/maps/5/WaterYear_AC3_D3_coass-16O-0-7_5_16O_mapped.sort.bam results/maps/1/WaterYear_AC3_D3_coass-16O-0-7_1_18O_mapped.sort.bam results/maps/1/WaterYear_AC3_D3_coass-16O-0-7_1_18O_mapped.sort.bam results/maps/2/WaterYear_AC3_D3_coass-16O-0-7_2_18O_mapped.sort.bam results/maps/2/WaterYear_AC3_D3_coass-16O-0-7_2_18O_mapped.sort.bam results/maps/3/WaterYear_AC3_D3_coass-16O-0-7_3_18O_mapped.sort.bam results/maps/3/WaterYear_AC3_D3_coass-16O-0-7_3_18O_mapped.sort.bam results/maps/4/WaterYear_AC3_D3_coass-16O-0-7_4_18O_mapped.sort.bam results/maps/4/WaterYear_AC3_D3_coass-16O-0-7_4_18O_mapped.sort.bam results/maps/5/WaterYear_AC3_D3_coass-16O-0-7_5_18O_mapped.sort.bam results/maps/5/WaterYear_AC3_D3_coass-16O-0-7_5_18O_mapped.sort.bam results/maps/1/WaterYear_AC3_D5_coass-16O-0-7_1_16O_mapped.sort.bam results/maps/1/WaterYear_AC3_D5_coass-16O-0-7_1_16O_mapped.sort.bam results/maps/2/WaterYear_AC3_D5_coass-16O-0-7_2_16O_mapped.sort.bam results/maps/2/WaterYear_AC3_D5_coass-16O-0-7_2_16O_mapped.sort.bam results/maps/3/WaterYear_AC3_D5_coass-16O-0-7_3_16O_mapped.sort.bam results/maps/3/WaterYear_AC3_D5_coass-16O-0-7_3_16O_mapped.sort.bam results/maps/4/WaterYear_AC3_D5_coass-16O-0-7_4_16O_mapped.sort.bam results/maps/4/WaterYear_AC3_D5_coass-16O-0-7_4_16O_mapped.sort.bam results/maps/5/WaterYear_AC3_D5_coass-16O-0-7_5_16O_mapped.sort.bam results/maps/5/WaterYear_AC3_D5_coass-16O-0-7_5_16O_mapped.sort.bam results/maps/1/WaterYear_AC3_D5_coass-16O-0-7_1_18O_mapped.sort.bam results/maps/1/WaterYear_AC3_D5_coass-16O-0-7_1_18O_mapped.sort.bam results/maps/2/WaterYear_AC3_D5_coass-16O-0-7_2_18O_mapped.sort.bam results/maps/2/WaterYear_AC3_D5_coass-16O-0-7_2_18O_mapped.sort.bam results/maps/3/WaterYear_AC3_D5_coass-16O-0-7_3_18O_mapped.sort.bam results/maps/3/WaterYear_AC3_D5_coass-16O-0-7_3_18O_mapped.sort.bam results/maps/4/WaterYear_AC3_D5_coass-16O-0-7_4_18O_mapped.sort.bam results/maps/4/WaterYear_AC3_D5_coass-16O-0-7_4_18O_mapped.sort.bam results/maps/5/WaterYear_AC3_D5_coass-16O-0-7_5_18O_mapped.sort.bam results/maps/5/WaterYear_AC3_D5_coass-16O-0-7_5_18O_mapped.sort.bam results/maps/1/WaterYear_AC4_D1_coass-16O-0-7_1_16O_mapped.sort.bam results/maps/1/WaterYear_AC4_D1_coass-16O-0-7_1_16O_mapped.sort.bam results/maps/2/WaterYear_AC4_D1_coass-16O-0-7_2_16O_mapped.sort.bam results/maps/2/WaterYear_AC4_D1_coass-16O-0-7_2_16O_mapped.sort.bam results/maps/3/WaterYear_AC4_D1_coass-16O-0-7_3_16O_mapped.sort.bam results/maps/3/WaterYear_AC4_D1_coass-16O-0-7_3_16O_mapped.sort.bam results/maps/4/WaterYear_AC4_D1_coass-16O-0-7_4_16O_mapped.sort.bam results/maps/4/WaterYear_AC4_D1_coass-16O-0-7_4_16O_mapped.sort.bam results/maps/5/WaterYear_AC4_D1_coass-16O-0-7_5_16O_mapped.sort.bam results/maps/5/WaterYear_AC4_D1_coass-16O-0-7_5_16O_mapped.sort.bam results/maps/1/WaterYear_AC4_D1_coass-16O-0-7_1_18O_mapped.sort.bam results/maps/1/WaterYear_AC4_D1_coass-16O-0-7_1_18O_mapped.sort.bam results/maps/2/WaterYear_AC4_D1_coass-16O-0-7_2_18O_mapped.sort.bam results/maps/2/WaterYear_AC4_D1_coass-16O-0-7_2_18O_mapped.sort.bam results/maps/3/WaterYear_AC4_D1_coass-16O-0-7_3_18O_mapped.sort.bam results/maps/3/WaterYear_AC4_D1_coass-16O-0-7_3_18O_mapped.sort.bam results/maps/4/WaterYear_AC4_D1_coass-16O-0-7_4_18O_mapped.sort.bam results/maps/4/WaterYear_AC4_D1_coass-16O-0-7_4_18O_mapped.sort.bam results/maps/5/WaterYear_AC4_D1_coass-16O-0-7_5_18O_mapped.sort.bam results/maps/5/WaterYear_AC4_D1_coass-16O-0-7_5_18O_mapped.sort.bam results/maps/1/WaterYear_AC4_D3_coass-16O-0-7_1_16O_mapped.sort.bam results/maps/1/WaterYear_AC4_D3_coass-16O-0-7_1_16O_mapped.sort.bam results/maps/2/WaterYear_AC4_D3_coass-16O-0-7_2_16O_mapped.sort.bam results/maps/2/WaterYear_AC4_D3_coass-16O-0-7_2_16O_mapped.sort.bam results/maps/3/WaterYear_AC4_D3_coass-16O-0-7_3_16O_mapped.sort.bam results/maps/3/WaterYear_AC4_D3_coass-16O-0-7_3_16O_mapped.sort.bam results/maps/4/WaterYear_AC4_D3_coass-16O-0-7_4_16O_mapped.sort.bam results/maps/4/WaterYear_AC4_D3_coass-16O-0-7_4_16O_mapped.sort.bam results/maps/5/WaterYear_AC4_D3_coass-16O-0-7_5_16O_mapped.sort.bam results/maps/5/WaterYear_AC4_D3_coass-16O-0-7_5_16O_mapped.sort.bam results/maps/1/WaterYear_AC4_D3_coass-16O-0-7_1_18O_mapped.sort.bam results/maps/1/WaterYear_AC4_D3_coass-16O-0-7_1_18O_mapped.sort.bam results/maps/2/WaterYear_AC4_D3_coass-16O-0-7_2_18O_mapped.sort.bam results/maps/2/WaterYear_AC4_D3_coass-16O-0-7_2_18O_mapped.sort.bam results/maps/3/WaterYear_AC4_D3_coass-16O-0-7_3_18O_mapped.sort.bam results/maps/3/WaterYear_AC4_D3_coass-16O-0-7_3_18O_mapped.sort.bam results/maps/4/WaterYear_AC4_D3_coass-16O-0-7_4_18O_mapped.sort.bam results/maps/4/WaterYear_AC4_D3_coass-16O-0-7_4_18O_mapped.sort.bam results/maps/5/WaterYear_AC4_D3_coass-16O-0-7_5_18O_mapped.sort.bam results/maps/5/WaterYear_AC4_D3_coass-16O-0-7_5_18O_mapped.sort.bam results/maps/1/WaterYear_AC4_D5_coass-16O-0-7_1_16O_mapped.sort.bam results/maps/1/WaterYear_AC4_D5_coass-16O-0-7_1_16O_mapped.sort.bam results/maps/2/WaterYear_AC4_D5_coass-16O-0-7_2_16O_mapped.sort.bam results/maps/2/WaterYear_AC4_D5_coass-16O-0-7_2_16O_mapped.sort.bam results/maps/3/WaterYear_AC4_D5_coass-16O-0-7_3_16O_mapped.sort.bam results/maps/3/WaterYear_AC4_D5_coass-16O-0-7_3_16O_mapped.sort.bam results/maps/4/WaterYear_AC4_D5_coass-16O-0-7_4_16O_mapped.sort.bam results/maps/4/WaterYear_AC4_D5_coass-16O-0-7_4_16O_mapped.sort.bam results/maps/5/WaterYear_AC4_D5_coass-16O-0-7_5_16O_mapped.sort.bam results/maps/5/WaterYear_AC4_D5_coass-16O-0-7_5_16O_mapped.sort.bam results/maps/1/WaterYear_AC4_D5_coass-16O-0-7_1_18O_mapped.sort.bam results/maps/1/WaterYear_AC4_D5_coass-16O-0-7_1_18O_mapped.sort.bam results/maps/2/WaterYear_AC4_D5_coass-16O-0-7_2_18O_mapped.sort.bam results/maps/2/WaterYear_AC4_D5_coass-16O-0-7_2_18O_mapped.sort.bam results/maps/3/WaterYear_AC4_D5_coass-16O-0-7_3_18O_mapped.sort.bam results/maps/3/WaterYear_AC4_D5_coass-16O-0-7_3_18O_mapped.sort.bam results/maps/4/WaterYear_AC4_D5_coass-16O-0-7_4_18O_mapped.sort.bam results/maps/4/WaterYear_AC4_D5_coass-16O-0-7_4_18O_mapped.sort.bam results/maps/5/WaterYear_AC4_D5_coass-16O-0-7_5_18O_mapped.sort.bam results/maps/5/WaterYear_AC4_D5_coass-16O-0-7_5_18O_mapped.sort.bam results/maps/1/WaterYear_AC5_D1_coass-16O-0-7_1_16O_mapped.sort.bam results/maps/1/WaterYear_AC5_D1_coass-16O-0-7_1_16O_mapped.sort.bam results/maps/2/WaterYear_AC5_D1_coass-16O-0-7_2_16O_mapped.sort.bam results/maps/2/WaterYear_AC5_D1_coass-16O-0-7_2_16O_mapped.sort.bam results/maps/3/WaterYear_AC5_D1_coass-16O-0-7_3_16O_mapped.sort.bam results/maps/3/WaterYear_AC5_D1_coass-16O-0-7_3_16O_mapped.sort.bam results/maps/4/WaterYear_AC5_D1_coass-16O-0-7_4_16O_mapped.sort.bam results/maps/4/WaterYear_AC5_D1_coass-16O-0-7_4_16O_mapped.sort.bam results/maps/5/WaterYear_AC5_D1_coass-16O-0-7_5_16O_mapped.sort.bam results/maps/5/WaterYear_AC5_D1_coass-16O-0-7_5_16O_mapped.sort.bam results/maps/1/WaterYear_AC5_D1_coass-16O-0-7_1_18O_mapped.sort.bam results/maps/1/WaterYear_AC5_D1_coass-16O-0-7_1_18O_mapped.sort.bam results/maps/2/WaterYear_AC5_D1_coass-16O-0-7_2_18O_mapped.sort.bam results/maps/2/WaterYear_AC5_D1_coass-16O-0-7_2_18O_mapped.sort.bam results/maps/3/WaterYear_AC5_D1_coass-16O-0-7_3_18O_mapped.sort.bam results/maps/3/WaterYear_AC5_D1_coass-16O-0-7_3_18O_mapped.sort.bam results/maps/4/WaterYear_AC5_D1_coass-16O-0-7_4_18O_mapped.sort.bam results/maps/4/WaterYear_AC5_D1_coass-16O-0-7_4_18O_mapped.sort.bam results/maps/5/WaterYear_AC5_D1_coass-16O-0-7_5_18O_mapped.sort.bam results/maps/5/WaterYear_AC5_D1_coass-16O-0-7_5_18O_mapped.sort.bam results/maps/1/WaterYear_AC5_D3_coass-16O-0-7_1_16O_mapped.sort.bam results/maps/1/WaterYear_AC5_D3_coass-16O-0-7_1_16O_mapped.sort.bam results/maps/2/WaterYear_AC5_D3_coass-16O-0-7_2_16O_mapped.sort.bam results/maps/2/WaterYear_AC5_D3_coass-16O-0-7_2_16O_mapped.sort.bam results/maps/3/WaterYear_AC5_D3_coass-16O-0-7_3_16O_mapped.sort.bam results/maps/3/WaterYear_AC5_D3_coass-16O-0-7_3_16O_mapped.sort.bam results/maps/4/WaterYear_AC5_D3_coass-16O-0-7_4_16O_mapped.sort.bam results/maps/4/WaterYear_AC5_D3_coass-16O-0-7_4_16O_mapped.sort.bam results/maps/5/WaterYear_AC5_D3_coass-16O-0-7_5_16O_mapped.sort.bam results/maps/5/WaterYear_AC5_D3_coass-16O-0-7_5_16O_mapped.sort.bam results/maps/1/WaterYear_AC5_D3_coass-16O-0-7_1_18O_mapped.sort.bam results/maps/1/WaterYear_AC5_D3_coass-16O-0-7_1_18O_mapped.sort.bam results/maps/2/WaterYear_AC5_D3_coass-16O-0-7_2_18O_mapped.sort.bam results/maps/2/WaterYear_AC5_D3_coass-16O-0-7_2_18O_mapped.sort.bam results/maps/3/WaterYear_AC5_D3_coass-16O-0-7_3_18O_mapped.sort.bam results/maps/3/WaterYear_AC5_D3_coass-16O-0-7_3_18O_mapped.sort.bam results/maps/4/WaterYear_AC5_D3_coass-16O-0-7_4_18O_mapped.sort.bam results/maps/4/WaterYear_AC5_D3_coass-16O-0-7_4_18O_mapped.sort.bam results/maps/5/WaterYear_AC5_D3_coass-16O-0-7_5_18O_mapped.sort.bam results/maps/5/WaterYear_AC5_D3_coass-16O-0-7_5_18O_mapped.sort.bam results/maps/1/WaterYear_AC5_D5_coass-16O-0-7_1_16O_mapped.sort.bam results/maps/1/WaterYear_AC5_D5_coass-16O-0-7_1_16O_mapped.sort.bam results/maps/2/WaterYear_AC5_D5_coass-16O-0-7_2_16O_mapped.sort.bam results/maps/2/WaterYear_AC5_D5_coass-16O-0-7_2_16O_mapped.sort.bam results/maps/3/WaterYear_AC5_D5_coass-16O-0-7_3_16O_mapped.sort.bam results/maps/3/WaterYear_AC5_D5_coass-16O-0-7_3_16O_mapped.sort.bam results/maps/4/WaterYear_AC5_D5_coass-16O-0-7_4_16O_mapped.sort.bam results/maps/4/WaterYear_AC5_D5_coass-16O-0-7_4_16O_mapped.sort.bam results/maps/5/WaterYear_AC5_D5_coass-16O-0-7_5_16O_mapped.sort.bam results/maps/5/WaterYear_AC5_D5_coass-16O-0-7_5_16O_mapped.sort.bam results/maps/1/WaterYear_AC5_D5_coass-16O-0-7_1_18O_mapped.sort.bam results/maps/1/WaterYear_AC5_D5_coass-16O-0-7_1_18O_mapped.sort.bam results/maps/2/WaterYear_AC5_D5_coass-16O-0-7_2_18O_mapped.sort.bam results/maps/2/WaterYear_AC5_D5_coass-16O-0-7_2_18O_mapped.sort.bam results/maps/3/WaterYear_AC5_D5_coass-16O-0-7_3_18O_mapped.sort.bam results/maps/3/WaterYear_AC5_D5_coass-16O-0-7_3_18O_mapped.sort.bam results/maps/4/WaterYear_AC5_D5_coass-16O-0-7_4_18O_mapped.sort.bam results/maps/4/WaterYear_AC5_D5_coass-16O-0-7_4_18O_mapped.sort.bam results/maps/5/WaterYear_AC5_D5_coass-16O-0-7_5_18O_mapped.sort.bam results/maps/5/WaterYear_AC5_D5_coass-16O-0-7_5_18O_mapped.sort.bam results/maps/1/WaterYear_AC7_D1_coass-16O-0-7_1_16O_mapped.sort.bam results/maps/1/WaterYear_AC7_D1_coass-16O-0-7_1_16O_mapped.sort.bam results/maps/2/WaterYear_AC7_D1_coass-16O-0-7_2_16O_mapped.sort.bam results/maps/2/WaterYear_AC7_D1_coass-16O-0-7_2_16O_mapped.sort.bam results/maps/3/WaterYear_AC7_D1_coass-16O-0-7_3_16O_mapped.sort.bam results/maps/3/WaterYear_AC7_D1_coass-16O-0-7_3_16O_mapped.sort.bam results/maps/4/WaterYear_AC7_D1_coass-16O-0-7_4_16O_mapped.sort.bam results/maps/4/WaterYear_AC7_D1_coass-16O-0-7_4_16O_mapped.sort.bam results/maps/5/WaterYear_AC7_D1_coass-16O-0-7_5_16O_mapped.sort.bam results/maps/5/WaterYear_AC7_D1_coass-16O-0-7_5_16O_mapped.sort.bam results/maps/1/WaterYear_AC7_D1_coass-16O-0-7_1_18O_mapped.sort.bam results/maps/1/WaterYear_AC7_D1_coass-16O-0-7_1_18O_mapped.sort.bam results/maps/2/WaterYear_AC7_D1_coass-16O-0-7_2_18O_mapped.sort.bam results/maps/2/WaterYear_AC7_D1_coass-16O-0-7_2_18O_mapped.sort.bam results/maps/3/WaterYear_AC7_D1_coass-16O-0-7_3_18O_mapped.sort.bam results/maps/3/WaterYear_AC7_D1_coass-16O-0-7_3_18O_mapped.sort.bam results/maps/4/WaterYear_AC7_D1_coass-16O-0-7_4_18O_mapped.sort.bam results/maps/4/WaterYear_AC7_D1_coass-16O-0-7_4_18O_mapped.sort.bam results/maps/5/WaterYear_AC7_D1_coass-16O-0-7_5_18O_mapped.sort.bam results/maps/5/WaterYear_AC7_D1_coass-16O-0-7_5_18O_mapped.sort.bam results/maps/1/WaterYear_AC7_D3_coass-16O-0-7_1_16O_mapped.sort.bam results/maps/1/WaterYear_AC7_D3_coass-16O-0-7_1_16O_mapped.sort.bam results/maps/2/WaterYear_AC7_D3_coass-16O-0-7_2_16O_mapped.sort.bam results/maps/2/WaterYear_AC7_D3_coass-16O-0-7_2_16O_mapped.sort.bam results/maps/3/WaterYear_AC7_D3_coass-16O-0-7_3_16O_mapped.sort.bam results/maps/3/WaterYear_AC7_D3_coass-16O-0-7_3_16O_mapped.sort.bam results/maps/4/WaterYear_AC7_D3_coass-16O-0-7_4_16O_mapped.sort.bam results/maps/4/WaterYear_AC7_D3_coass-16O-0-7_4_16O_mapped.sort.bam results/maps/5/WaterYear_AC7_D3_coass-16O-0-7_5_16O_mapped.sort.bam results/maps/5/WaterYear_AC7_D3_coass-16O-0-7_5_16O_mapped.sort.bam results/maps/1/WaterYear_AC7_D3_coass-16O-0-7_1_18O_mapped.sort.bam results/maps/1/WaterYear_AC7_D3_coass-16O-0-7_1_18O_mapped.sort.bam results/maps/2/WaterYear_AC7_D3_coass-16O-0-7_2_18O_mapped.sort.bam results/maps/2/WaterYear_AC7_D3_coass-16O-0-7_2_18O_mapped.sort.bam results/maps/3/WaterYear_AC7_D3_coass-16O-0-7_3_18O_mapped.sort.bam results/maps/3/WaterYear_AC7_D3_coass-16O-0-7_3_18O_mapped.sort.bam results/maps/4/WaterYear_AC7_D3_coass-16O-0-7_4_18O_mapped.sort.bam results/maps/4/WaterYear_AC7_D3_coass-16O-0-7_4_18O_mapped.sort.bam results/maps/5/WaterYear_AC7_D3_coass-16O-0-7_5_18O_mapped.sort.bam results/maps/5/WaterYear_AC7_D3_coass-16O-0-7_5_18O_mapped.sort.bam results/maps/1/WaterYear_AC7_D5_coass-16O-0-7_1_16O_mapped.sort.bam results/maps/1/WaterYear_AC7_D5_coass-16O-0-7_1_16O_mapped.sort.bam results/maps/2/WaterYear_AC7_D5_coass-16O-0-7_2_16O_mapped.sort.bam results/maps/2/WaterYear_AC7_D5_coass-16O-0-7_2_16O_mapped.sort.bam results/maps/3/WaterYear_AC7_D5_coass-16O-0-7_3_16O_mapped.sort.bam results/maps/3/WaterYear_AC7_D5_coass-16O-0-7_3_16O_mapped.sort.bam results/maps/4/WaterYear_AC7_D5_coass-16O-0-7_4_16O_mapped.sort.bam results/maps/4/WaterYear_AC7_D5_coass-16O-0-7_4_16O_mapped.sort.bam results/maps/5/WaterYear_AC7_D5_coass-16O-0-7_5_16O_mapped.sort.bam results/maps/5/WaterYear_AC7_D5_coass-16O-0-7_5_16O_mapped.sort.bam results/maps/1/WaterYear_AC7_D5_coass-16O-0-7_1_18O_mapped.sort.bam results/maps/1/WaterYear_AC7_D5_coass-16O-0-7_1_18O_mapped.sort.bam results/maps/2/WaterYear_AC7_D5_coass-16O-0-7_2_18O_mapped.sort.bam results/maps/2/WaterYear_AC7_D5_coass-16O-0-7_2_18O_mapped.sort.bam results/maps/3/WaterYear_AC7_D5_coass-16O-0-7_3_18O_mapped.sort.bam results/maps/3/WaterYear_AC7_D5_coass-16O-0-7_3_18O_mapped.sort.bam results/maps/4/WaterYear_AC7_D5_coass-16O-0-7_4_18O_mapped.sort.bam results/maps/4/WaterYear_AC7_D5_coass-16O-0-7_4_18O_mapped.sort.bam results/maps/5/WaterYear_AC7_D5_coass-16O-0-7_5_18O_mapped.sort.bam results/maps/5/WaterYear_AC7_D5_coass-16O-0-7_5_18O_mapped.sort.bam results/maps/1/WaterYear_AC9_D3_coass-16O-0-7_1_16O_mapped.sort.bam results/maps/1/WaterYear_AC9_D3_coass-16O-0-7_1_16O_mapped.sort.bam results/maps/2/WaterYear_AC9_D3_coass-16O-0-7_2_16O_mapped.sort.bam results/maps/2/WaterYear_AC9_D3_coass-16O-0-7_2_16O_mapped.sort.bam results/maps/3/WaterYear_AC9_D3_coass-16O-0-7_3_16O_mapped.sort.bam results/maps/3/WaterYear_AC9_D3_coass-16O-0-7_3_16O_mapped.sort.bam results/maps/4/WaterYear_AC9_D3_coass-16O-0-7_4_16O_mapped.sort.bam results/maps/4/WaterYear_AC9_D3_coass-16O-0-7_4_16O_mapped.sort.bam results/maps/5/WaterYear_AC9_D3_coass-16O-0-7_5_16O_mapped.sort.bam results/maps/5/WaterYear_AC9_D3_coass-16O-0-7_5_16O_mapped.sort.bam results/maps/1/WaterYear_AC9_D3_coass-16O-0-7_1_18O_mapped.sort.bam results/maps/1/WaterYear_AC9_D3_coass-16O-0-7_1_18O_mapped.sort.bam results/maps/2/WaterYear_AC9_D3_coass-16O-0-7_2_18O_mapped.sort.bam results/maps/2/WaterYear_AC9_D3_coass-16O-0-7_2_18O_mapped.sort.bam results/maps/3/WaterYear_AC9_D3_coass-16O-0-7_3_18O_mapped.sort.bam results/maps/3/WaterYear_AC9_D3_coass-16O-0-7_3_18O_mapped.sort.bam results/maps/4/WaterYear_AC9_D3_coass-16O-0-7_4_18O_mapped.sort.bam results/maps/4/WaterYear_AC9_D3_coass-16O-0-7_4_18O_mapped.sort.bam results/maps/5/WaterYear_AC9_D3_coass-16O-0-7_5_18O_mapped.sort.bam results/maps/5/WaterYear_AC9_D3_coass-16O-0-7_5_18O_mapped.sort.bam results/maps/1/WaterYear_AC9_D5_coass-16O-0-7_1_16O_mapped.sort.bam results/maps/1/WaterYear_AC9_D5_coass-16O-0-7_1_16O_mapped.sort.bam results/maps/2/WaterYear_AC9_D5_coass-16O-0-7_2_16O_mapped.sort.bam results/maps/2/WaterYear_AC9_D5_coass-16O-0-7_2_16O_mapped.sort.bam results/maps/3/WaterYear_AC9_D5_coass-16O-0-7_3_16O_mapped.sort.bam results/maps/3/WaterYear_AC9_D5_coass-16O-0-7_3_16O_mapped.sort.bam results/maps/4/WaterYear_AC9_D5_coass-16O-0-7_4_16O_mapped.sort.bam results/maps/4/WaterYear_AC9_D5_coass-16O-0-7_4_16O_mapped.sort.bam results/maps/5/WaterYear_AC9_D5_coass-16O-0-7_5_16O_mapped.sort.bam results/maps/5/WaterYear_AC9_D5_coass-16O-0-7_5_16O_mapped.sort.bam results/maps/1/WaterYear_AC9_D5_coass-16O-0-7_1_18O_mapped.sort.bam results/maps/1/WaterYear_AC9_D5_coass-16O-0-7_1_18O_mapped.sort.bam results/maps/2/WaterYear_AC9_D5_coass-16O-0-7_2_18O_mapped.sort.bam results/maps/2/WaterYear_AC9_D5_coass-16O-0-7_2_18O_mapped.sort.bam results/maps/3/WaterYear_AC9_D5_coass-16O-0-7_3_18O_mapped.sort.bam results/maps/3/WaterYear_AC9_D5_coass-16O-0-7_3_18O_mapped.sort.bam results/maps/4/WaterYear_AC9_D5_coass-16O-0-7_4_18O_mapped.sort.bam results/maps/4/WaterYear_AC9_D5_coass-16O-0-7_4_18O_mapped.sort.bam results/maps/5/WaterYear_AC9_D5_coass-16O-0-7_5_18O_mapped.sort.bam results/maps/5/WaterYear_AC9_D5_coass-16O-0-7_5_18O_mapped.sort.bam results/maps/1/WaterYear_AC9_D1_coass-16O-0-7_1_16O_mapped.sort.bam results/maps/1/WaterYear_AC9_D1_coass-16O-0-7_1_16O_mapped.sort.bam results/maps/2/WaterYear_AC9_D1_coass-16O-0-7_2_16O_mapped.sort.bam results/maps/2/WaterYear_AC9_D1_coass-16O-0-7_2_16O_mapped.sort.bam results/maps/3/WaterYear_AC9_D1_coass-16O-0-7_3_16O_mapped.sort.bam results/maps/3/WaterYear_AC9_D1_coass-16O-0-7_3_16O_mapped.sort.bam results/maps/4/WaterYear_AC9_D1_coass-16O-0-7_4_16O_mapped.sort.bam results/maps/4/WaterYear_AC9_D1_coass-16O-0-7_4_16O_mapped.sort.bam results/maps/5/WaterYear_AC9_D1_coass-16O-0-7_5_16O_mapped.sort.bam results/maps/5/WaterYear_AC9_D1_coass-16O-0-7_5_16O_mapped.sort.bam results/maps/1/WaterYear_AC9_D1_coass-16O-0-7_1_18O_mapped.sort.bam results/maps/1/WaterYear_AC9_D1_coass-16O-0-7_1_18O_mapped.sort.bam results/maps/2/WaterYear_AC9_D1_coass-16O-0-7_2_18O_mapped.sort.bam results/maps/2/WaterYear_AC9_D1_coass-16O-0-7_2_18O_mapped.sort.bam results/maps/3/WaterYear_AC9_D1_coass-16O-0-7_3_18O_mapped.sort.bam results/maps/3/WaterYear_AC9_D1_coass-16O-0-7_3_18O_mapped.sort.bam results/maps/4/WaterYear_AC9_D1_coass-16O-0-7_4_18O_mapped.sort.bam results/maps/4/WaterYear_AC9_D1_coass-16O-0-7_4_18O_mapped.sort.bam results/maps/5/WaterYear_AC9_D1_coass-16O-0-7_5_18O_mapped.sort.bam results/maps/5/WaterYear_AC9_D1_coass-16O-0-7_5_18O_mapped.sort.bam         -m count         -o results/count_table.tsv         -t 10000         --min-read-percent-identity 99
        
        (one of the commands exited with non-zero exit code; note that snakemake uses bash strict mode!)
    cluster_jobid: Submitted batch job 220459

Error executing rule get_count_table on cluster (jobid: 181, external: Submitted batch job 220459, jobscript: /groups/banfield/scratch/projects/environmental/spot/int/2023/assembly.d/SIP_mapping/.snakemake/tmp.vbx27wyg/snakejob.get_count_table.181.sh). For error details see the cluster log and the log files of the involved rule(s).
Shutting down, this might take some time.
Exiting because a job execution failed. Look above for error message
Complete log: .snakemake/log/2023-11-18T074906.642152.snakemake.log
